===== journal snapshot host=memexpand boot_started_utc=20260423T202201Z boot_id=bedb69d7-802a-4db2-aeb7-4e361b3c4120 captured_utc=20260423T202406Z =====

Apr 23 16:23:21 memexpand.cs.rutgers.edu sudo[84488]: pam_unix(sudo:session): session closed for user root
Apr 23 16:23:21 memexpand.cs.rutgers.edu sudo[84488]: pam_succeed_if(sudo:session): requirement "service in cron:atd" not met by user "root"
Apr 23 16:23:21 memexpand.cs.rutgers.edu audispd[4078]: type=SYSCALL msg=audit(1776975801.484:4457): arch=c000003e syscall=59 success=yes exit=0 a0=591eb14356a0 a1=591eb142e6c0 a2=591eb14334f0 a3=591eb1435590 items=2 ppid=84438 pid=84536 auid=1905239618 uid=0 gid=0 euid=0 suid=0 fsuid=0 egid=0 sgid=0 fsgid=0 tty=pts2 ses=2 comm="sudo" exe="/usr/bin/sudo" subj=unconfined key="lcsr-priv-exec" ARCH=x86_64 SYSCALL=execve AUID="lh818" UID="root" GID="root" EUID="root" SUID="root" FSUID="root" EGID="root" SGID="root" FSGID="root"
Apr 23 16:23:21 memexpand.cs.rutgers.edu audispd[4078]: type=EXECVE msg=audit(1776975801.484:4457): argc=4 a0="sudo" a1="pqos" a2="-e" a3="mba@0:2=50"
Apr 23 16:23:21 memexpand.cs.rutgers.edu audispd[4078]: type=USER_ACCT msg=audit(1776975801.494:4458): pid=84536 uid=0 auid=1905239618 ses=2 subj=unconfined msg='op=PAM:accounting grantors=pam_permit,pam_localuser acct="root" exe="/usr/bin/sudo" hostname=? addr=? terminal=/dev/pts/2 res=success' UID="root" AUID="lh818"
Apr 23 16:23:21 memexpand.cs.rutgers.edu sudo[84536]:     root : TTY=pts/2 ; PWD=/var/tmp/temp/rec ; USER=root ; COMMAND=/usr/sbin/pqos -e mba@0:2=50
Apr 23 16:23:21 memexpand.cs.rutgers.edu audispd[4078]: type=USER_CMD msg=audit(1776975801.495:4459): pid=84536 uid=0 auid=1905239618 ses=2 subj=unconfined msg='cwd="/var/tmp/temp/rec" cmd=70716F73202D65206D626140303A323D3530 exe="/usr/bin/sudo" terminal=pts/2 res=success' UID="root" AUID="lh818"
Apr 23 16:23:21 memexpand.cs.rutgers.edu audispd[4078]: type=CRED_REFR msg=audit(1776975801.495:4460): pid=84536 uid=0 auid=1905239618 ses=2 subj=unconfined msg='op=PAM:setcred grantors=pam_permit acct="root" exe="/usr/bin/sudo" hostname=? addr=? terminal=/dev/pts/2 res=success' UID="root" AUID="lh818"
Apr 23 16:23:21 memexpand.cs.rutgers.edu sudo[84536]: pam_unix(sudo:session): session opened for user root(uid=0) by lh818(uid=0)
Apr 23 16:23:21 memexpand.cs.rutgers.edu sudo[84536]: pam_succeed_if(sudo:session): requirement "service in cron:atd" not met by user "root"
Apr 23 16:23:21 memexpand.cs.rutgers.edu audispd[4078]: type=SYSCALL msg=audit(1776975801.498:4461): arch=c000003e syscall=59 success=yes exit=0 a0=57d78152cb48 a1=57d78153b950 a2=57d781557ff0 a3=64 items=2 ppid=84550 pid=84551 auid=1905239618 uid=0 gid=0 euid=0 suid=0 fsuid=0 egid=0 sgid=0 fsgid=0 tty=pts4 ses=2 comm="pqos" exe="/usr/sbin/pqos" subj=unconfined key="lcsr-priv-exec" ARCH=x86_64 SYSCALL=execve AUID="lh818" UID="root" GID="root" EUID="root" SUID="root" FSUID="root" EGID="root" SGID="root" FSGID="root"
Apr 23 16:23:21 memexpand.cs.rutgers.edu audispd[4078]: type=EXECVE msg=audit(1776975801.498:4461): argc=3 a0="pqos" a1="-e" a2="mba@0:2=50"
Apr 23 16:23:21 memexpand.cs.rutgers.edu sudo[84536]: pam_unix(sudo:session): session closed for user root
Apr 23 16:23:21 memexpand.cs.rutgers.edu sudo[84536]: pam_succeed_if(sudo:session): requirement "service in cron:atd" not met by user "root"
Apr 23 16:23:21 memexpand.cs.rutgers.edu audispd[4078]: type=SYSCALL msg=audit(1776975801.530:4462): arch=c000003e syscall=59 success=yes exit=0 a0=591eb1435680 a1=591eb142e6c0 a2=591eb14334f0 a3=591eb14357a0 items=2 ppid=84438 pid=84578 auid=1905239618 uid=0 gid=0 euid=0 suid=0 fsuid=0 egid=0 sgid=0 fsgid=0 tty=pts2 ses=2 comm="sudo" exe="/usr/bin/sudo" subj=unconfined key="lcsr-priv-exec" ARCH=x86_64 SYSCALL=execve AUID="lh818" UID="root" GID="root" EUID="root" SUID="root" FSUID="root" EGID="root" SGID="root" FSGID="root"
Apr 23 16:23:21 memexpand.cs.rutgers.edu audispd[4078]: type=EXECVE msg=audit(1776975801.530:4462): argc=4 a0="sudo" a1="pqos" a2="-e" a3="mba@0:3=50"
Apr 23 16:23:21 memexpand.cs.rutgers.edu audispd[4078]: type=USER_ACCT msg=audit(1776975801.541:4463): pid=84578 uid=0 auid=1905239618 ses=2 subj=unconfined msg='op=PAM:accounting grantors=pam_permit,pam_localuser acct="root" exe="/usr/bin/sudo" hostname=? addr=? terminal=/dev/pts/2 res=success' UID="root" AUID="lh818"
Apr 23 16:23:21 memexpand.cs.rutgers.edu sudo[84578]:     root : TTY=pts/2 ; PWD=/var/tmp/temp/rec ; USER=root ; COMMAND=/usr/sbin/pqos -e mba@0:3=50
Apr 23 16:23:21 memexpand.cs.rutgers.edu audispd[4078]: type=USER_CMD msg=audit(1776975801.541:4464): pid=84578 uid=0 auid=1905239618 ses=2 subj=unconfined msg='cwd="/var/tmp/temp/rec" cmd=70716F73202D65206D626140303A333D3530 exe="/usr/bin/sudo" terminal=pts/2 res=success' UID="root" AUID="lh818"
Apr 23 16:23:21 memexpand.cs.rutgers.edu audispd[4078]: type=CRED_REFR msg=audit(1776975801.541:4465): pid=84578 uid=0 auid=1905239618 ses=2 subj=unconfined msg='op=PAM:setcred grantors=pam_permit acct="root" exe="/usr/bin/sudo" hostname=? addr=? terminal=/dev/pts/2 res=success' UID="root" AUID="lh818"
Apr 23 16:23:21 memexpand.cs.rutgers.edu sudo[84578]: pam_unix(sudo:session): session opened for user root(uid=0) by lh818(uid=0)
Apr 23 16:23:21 memexpand.cs.rutgers.edu sudo[84578]: pam_succeed_if(sudo:session): requirement "service in cron:atd" not met by user "root"
Apr 23 16:23:21 memexpand.cs.rutgers.edu audispd[4078]: type=SYSCALL msg=audit(1776975801.544:4466): arch=c000003e syscall=59 success=yes exit=0 a0=619004a95b48 a1=619004aa4950 a2=619004ac0ff0 a3=64 items=2 ppid=84589 pid=84590 auid=1905239618 uid=0 gid=0 euid=0 suid=0 fsuid=0 egid=0 sgid=0 fsgid=0 tty=pts4 ses=2 comm="pqos" exe="/usr/sbin/pqos" subj=unconfined key="lcsr-priv-exec" ARCH=x86_64 SYSCALL=execve AUID="lh818" UID="root" GID="root" EUID="root" SUID="root" FSUID="root" EGID="root" SGID="root" FSGID="root"
Apr 23 16:23:21 memexpand.cs.rutgers.edu audispd[4078]: type=EXECVE msg=audit(1776975801.544:4466): argc=3 a0="pqos" a1="-e" a2="mba@0:3=50"
Apr 23 16:23:21 memexpand.cs.rutgers.edu sudo[84578]: pam_unix(sudo:session): session closed for user root
Apr 23 16:23:21 memexpand.cs.rutgers.edu sudo[84578]: pam_succeed_if(sudo:session): requirement "service in cron:atd" not met by user "root"
Apr 23 16:23:21 memexpand.cs.rutgers.edu audispd[4078]: type=SYSCALL msg=audit(1776975801.576:4467): arch=c000003e syscall=59 success=yes exit=0 a0=591eb1434ba0 a1=591eb142e6c0 a2=591eb14334f0 a3=591eb1435590 items=2 ppid=84438 pid=84618 auid=1905239618 uid=0 gid=0 euid=0 suid=0 fsuid=0 egid=0 sgid=0 fsgid=0 tty=pts2 ses=2 comm="sudo" exe="/usr/bin/sudo" subj=unconfined key="lcsr-priv-exec" ARCH=x86_64 SYSCALL=execve AUID="lh818" UID="root" GID="root" EUID="root" SUID="root" FSUID="root" EGID="root" SGID="root" FSGID="root"
Apr 23 16:23:21 memexpand.cs.rutgers.edu audispd[4078]: type=EXECVE msg=audit(1776975801.576:4467): argc=4 a0="sudo" a1="pqos" a2="-e" a3="mba@0:4=50"
Apr 23 16:23:21 memexpand.cs.rutgers.edu audispd[4078]: type=USER_ACCT msg=audit(1776975801.586:4468): pid=84618 uid=0 auid=1905239618 ses=2 subj=unconfined msg='op=PAM:accounting grantors=pam_permit,pam_localuser acct="root" exe="/usr/bin/sudo" hostname=? addr=? terminal=/dev/pts/2 res=success' UID="root" AUID="lh818"
Apr 23 16:23:21 memexpand.cs.rutgers.edu sudo[84618]:     root : TTY=pts/2 ; PWD=/var/tmp/temp/rec ; USER=root ; COMMAND=/usr/sbin/pqos -e mba@0:4=50
Apr 23 16:23:21 memexpand.cs.rutgers.edu audispd[4078]: type=USER_CMD msg=audit(1776975801.586:4469): pid=84618 uid=0 auid=1905239618 ses=2 subj=unconfined msg='cwd="/var/tmp/temp/rec" cmd=70716F73202D65206D626140303A343D3530 exe="/usr/bin/sudo" terminal=pts/2 res=success' UID="root" AUID="lh818"
Apr 23 16:23:21 memexpand.cs.rutgers.edu audispd[4078]: type=CRED_REFR msg=audit(1776975801.587:4470): pid=84618 uid=0 auid=1905239618 ses=2 subj=unconfined msg='op=PAM:setcred grantors=pam_permit acct="root" exe="/usr/bin/sudo" hostname=? addr=? terminal=/dev/pts/2 res=success' UID="root" AUID="lh818"
Apr 23 16:23:21 memexpand.cs.rutgers.edu sudo[84618]: pam_unix(sudo:session): session opened for user root(uid=0) by lh818(uid=0)
Apr 23 16:23:21 memexpand.cs.rutgers.edu sudo[84618]: pam_succeed_if(sudo:session): requirement "service in cron:atd" not met by user "root"
Apr 23 16:23:21 memexpand.cs.rutgers.edu audispd[4078]: type=SYSCALL msg=audit(1776975801.589:4471): arch=c000003e syscall=59 success=yes exit=0 a0=5f3e919dab48 a1=5f3e919e9950 a2=5f3e91a05ff0 a3=64 items=2 ppid=84629 pid=84631 auid=1905239618 uid=0 gid=0 euid=0 suid=0 fsuid=0 egid=0 sgid=0 fsgid=0 tty=pts4 ses=2 comm="pqos" exe="/usr/sbin/pqos" subj=unconfined key="lcsr-priv-exec" ARCH=x86_64 SYSCALL=execve AUID="lh818" UID="root" GID="root" EUID="root" SUID="root" FSUID="root" EGID="root" SGID="root" FSGID="root"
Apr 23 16:23:21 memexpand.cs.rutgers.edu audispd[4078]: type=EXECVE msg=audit(1776975801.589:4471): argc=3 a0="pqos" a1="-e" a2="mba@0:4=50"
Apr 23 16:23:21 memexpand.cs.rutgers.edu sudo[84618]: pam_unix(sudo:session): session closed for user root
Apr 23 16:23:21 memexpand.cs.rutgers.edu sudo[84618]: pam_succeed_if(sudo:session): requirement "service in cron:atd" not met by user "root"
Apr 23 16:23:21 memexpand.cs.rutgers.edu audispd[4078]: type=SYSCALL msg=audit(1776975801.621:4472): arch=c000003e syscall=59 success=yes exit=0 a0=591eb1435640 a1=591eb142e6c0 a2=591eb14334f0 a3=591eb14357a0 items=2 ppid=84438 pid=84658 auid=1905239618 uid=0 gid=0 euid=0 suid=0 fsuid=0 egid=0 sgid=0 fsgid=0 tty=pts2 ses=2 comm="sudo" exe="/usr/bin/sudo" subj=unconfined key="lcsr-priv-exec" ARCH=x86_64 SYSCALL=execve AUID="lh818" UID="root" GID="root" EUID="root" SUID="root" FSUID="root" EGID="root" SGID="root" FSGID="root"
Apr 23 16:23:21 memexpand.cs.rutgers.edu audispd[4078]: type=EXECVE msg=audit(1776975801.621:4472): argc=4 a0="sudo" a1="pqos" a2="-e" a3="mba@0:5=50"
Apr 23 16:23:21 memexpand.cs.rutgers.edu audispd[4078]: type=USER_ACCT msg=audit(1776975801.631:4473): pid=84658 uid=0 auid=1905239618 ses=2 subj=unconfined msg='op=PAM:accounting grantors=pam_permit,pam_localuser acct="root" exe="/usr/bin/sudo" hostname=? addr=? terminal=/dev/pts/2 res=success' UID="root" AUID="lh818"
Apr 23 16:23:21 memexpand.cs.rutgers.edu sudo[84658]:     root : TTY=pts/2 ; PWD=/var/tmp/temp/rec ; USER=root ; COMMAND=/usr/sbin/pqos -e mba@0:5=50
Apr 23 16:23:21 memexpand.cs.rutgers.edu audispd[4078]: type=USER_CMD msg=audit(1776975801.631:4474): pid=84658 uid=0 auid=1905239618 ses=2 subj=unconfined msg='cwd="/var/tmp/temp/rec" cmd=70716F73202D65206D626140303A353D3530 exe="/usr/bin/sudo" terminal=pts/2 res=success' UID="root" AUID="lh818"
Apr 23 16:23:21 memexpand.cs.rutgers.edu audispd[4078]: type=CRED_REFR msg=audit(1776975801.632:4475): pid=84658 uid=0 auid=1905239618 ses=2 subj=unconfined msg='op=PAM:setcred grantors=pam_permit acct="root" exe="/usr/bin/sudo" hostname=? addr=? terminal=/dev/pts/2 res=success' UID="root" AUID="lh818"
Apr 23 16:23:21 memexpand.cs.rutgers.edu sudo[84658]: pam_unix(sudo:session): session opened for user root(uid=0) by lh818(uid=0)
Apr 23 16:23:21 memexpand.cs.rutgers.edu sudo[84658]: pam_succeed_if(sudo:session): requirement "service in cron:atd" not met by user "root"
Apr 23 16:23:21 memexpand.cs.rutgers.edu audispd[4078]: type=SYSCALL msg=audit(1776975801.634:4476): arch=c000003e syscall=59 success=yes exit=0 a0=556792225b48 a1=556792234950 a2=556792250ff0 a3=64 items=2 ppid=84669 pid=84671 auid=1905239618 uid=0 gid=0 euid=0 suid=0 fsuid=0 egid=0 sgid=0 fsgid=0 tty=pts4 ses=2 comm="pqos" exe="/usr/sbin/pqos" subj=unconfined key="lcsr-priv-exec" ARCH=x86_64 SYSCALL=execve AUID="lh818" UID="root" GID="root" EUID="root" SUID="root" FSUID="root" EGID="root" SGID="root" FSGID="root"
Apr 23 16:23:21 memexpand.cs.rutgers.edu audispd[4078]: type=EXECVE msg=audit(1776975801.634:4476): argc=3 a0="pqos" a1="-e" a2="mba@0:5=50"
Apr 23 16:23:21 memexpand.cs.rutgers.edu sudo[84658]: pam_unix(sudo:session): session closed for user root
Apr 23 16:23:21 memexpand.cs.rutgers.edu sudo[84658]: pam_succeed_if(sudo:session): requirement "service in cron:atd" not met by user "root"
Apr 23 16:23:21 memexpand.cs.rutgers.edu audispd[4078]: type=SYSCALL msg=audit(1776975801.668:4477): arch=c000003e syscall=59 success=yes exit=0 a0=591eb14349c0 a1=591eb142e6c0 a2=591eb14334f0 a3=591eb1435590 items=2 ppid=84438 pid=84701 auid=1905239618 uid=0 gid=0 euid=0 suid=0 fsuid=0 egid=0 sgid=0 fsgid=0 tty=pts2 ses=2 comm="sudo" exe="/usr/bin/sudo" subj=unconfined key="lcsr-priv-exec" ARCH=x86_64 SYSCALL=execve AUID="lh818" UID="root" GID="root" EUID="root" SUID="root" FSUID="root" EGID="root" SGID="root" FSGID="root"
Apr 23 16:23:21 memexpand.cs.rutgers.edu audispd[4078]: type=EXECVE msg=audit(1776975801.668:4477): argc=4 a0="sudo" a1="pqos" a2="-e" a3="mba@0:6=50"
Apr 23 16:23:21 memexpand.cs.rutgers.edu audispd[4078]: type=USER_ACCT msg=audit(1776975801.678:4478): pid=84701 uid=0 auid=1905239618 ses=2 subj=unconfined msg='op=PAM:accounting grantors=pam_permit,pam_localuser acct="root" exe="/usr/bin/sudo" hostname=? addr=? terminal=/dev/pts/2 res=success' UID="root" AUID="lh818"
Apr 23 16:23:21 memexpand.cs.rutgers.edu sudo[84701]:     root : TTY=pts/2 ; PWD=/var/tmp/temp/rec ; USER=root ; COMMAND=/usr/sbin/pqos -e mba@0:6=50
Apr 23 16:23:21 memexpand.cs.rutgers.edu audispd[4078]: type=USER_CMD msg=audit(1776975801.678:4479): pid=84701 uid=0 auid=1905239618 ses=2 subj=unconfined msg='cwd="/var/tmp/temp/rec" cmd=70716F73202D65206D626140303A363D3530 exe="/usr/bin/sudo" terminal=pts/2 res=success' UID="root" AUID="lh818"
Apr 23 16:23:21 memexpand.cs.rutgers.edu audispd[4078]: type=CRED_REFR msg=audit(1776975801.678:4480): pid=84701 uid=0 auid=1905239618 ses=2 subj=unconfined msg='op=PAM:setcred grantors=pam_permit acct="root" exe="/usr/bin/sudo" hostname=? addr=? terminal=/dev/pts/2 res=success' UID="root" AUID="lh818"
Apr 23 16:23:21 memexpand.cs.rutgers.edu sudo[84701]: pam_unix(sudo:session): session opened for user root(uid=0) by lh818(uid=0)
Apr 23 16:23:21 memexpand.cs.rutgers.edu sudo[84701]: pam_succeed_if(sudo:session): requirement "service in cron:atd" not met by user "root"
Apr 23 16:23:21 memexpand.cs.rutgers.edu audispd[4078]: type=SYSCALL msg=audit(1776975801.681:4481): arch=c000003e syscall=59 success=yes exit=0 a0=570eb9213b48 a1=570eb9222950 a2=570eb923eff0 a3=64 items=2 ppid=84711 pid=84713 auid=1905239618 uid=0 gid=0 euid=0 suid=0 fsuid=0 egid=0 sgid=0 fsgid=0 tty=pts4 ses=2 comm="pqos" exe="/usr/sbin/pqos" subj=unconfined key="lcsr-priv-exec" ARCH=x86_64 SYSCALL=execve AUID="lh818" UID="root" GID="root" EUID="root" SUID="root" FSUID="root" EGID="root" SGID="root" FSGID="root"
Apr 23 16:23:21 memexpand.cs.rutgers.edu audispd[4078]: type=EXECVE msg=audit(1776975801.681:4481): argc=3 a0="pqos" a1="-e" a2="mba@0:6=50"
Apr 23 16:23:21 memexpand.cs.rutgers.edu sudo[84701]: pam_unix(sudo:session): session closed for user root
Apr 23 16:23:21 memexpand.cs.rutgers.edu sudo[84701]: pam_succeed_if(sudo:session): requirement "service in cron:atd" not met by user "root"
Apr 23 16:23:21 memexpand.cs.rutgers.edu audispd[4078]: type=SYSCALL msg=audit(1776975801.714:4482): arch=c000003e syscall=59 success=yes exit=0 a0=591eb1435720 a1=591eb142e6c0 a2=591eb14334f0 a3=591eb14357a0 items=2 ppid=84438 pid=84740 auid=1905239618 uid=0 gid=0 euid=0 suid=0 fsuid=0 egid=0 sgid=0 fsgid=0 tty=pts2 ses=2 comm="sudo" exe="/usr/bin/sudo" subj=unconfined key="lcsr-priv-exec" ARCH=x86_64 SYSCALL=execve AUID="lh818" UID="root" GID="root" EUID="root" SUID="root" FSUID="root" EGID="root" SGID="root" FSGID="root"
Apr 23 16:23:21 memexpand.cs.rutgers.edu audispd[4078]: type=EXECVE msg=audit(1776975801.714:4482): argc=4 a0="sudo" a1="pqos" a2="-e" a3="mba@0:7=50"
Apr 23 16:23:21 memexpand.cs.rutgers.edu audispd[4078]: type=USER_ACCT msg=audit(1776975801.724:4483): pid=84740 uid=0 auid=1905239618 ses=2 subj=unconfined msg='op=PAM:accounting grantors=pam_permit,pam_localuser acct="root" exe="/usr/bin/sudo" hostname=? addr=? terminal=/dev/pts/2 res=success' UID="root" AUID="lh818"
Apr 23 16:23:21 memexpand.cs.rutgers.edu sudo[84740]:     root : TTY=pts/2 ; PWD=/var/tmp/temp/rec ; USER=root ; COMMAND=/usr/sbin/pqos -e mba@0:7=50
Apr 23 16:23:21 memexpand.cs.rutgers.edu audispd[4078]: type=USER_CMD msg=audit(1776975801.724:4484): pid=84740 uid=0 auid=1905239618 ses=2 subj=unconfined msg='cwd="/var/tmp/temp/rec" cmd=70716F73202D65206D626140303A373D3530 exe="/usr/bin/sudo" terminal=pts/2 res=success' UID="root" AUID="lh818"
Apr 23 16:23:21 memexpand.cs.rutgers.edu audispd[4078]: type=CRED_REFR msg=audit(1776975801.724:4485): pid=84740 uid=0 auid=1905239618 ses=2 subj=unconfined msg='op=PAM:setcred grantors=pam_permit acct="root" exe="/usr/bin/sudo" hostname=? addr=? terminal=/dev/pts/2 res=success' UID="root" AUID="lh818"
Apr 23 16:23:21 memexpand.cs.rutgers.edu sudo[84740]: pam_unix(sudo:session): session opened for user root(uid=0) by lh818(uid=0)
Apr 23 16:23:21 memexpand.cs.rutgers.edu sudo[84740]: pam_succeed_if(sudo:session): requirement "service in cron:atd" not met by user "root"
Apr 23 16:23:21 memexpand.cs.rutgers.edu audispd[4078]: type=SYSCALL msg=audit(1776975801.727:4486): arch=c000003e syscall=59 success=yes exit=0 a0=580f9c5cbb48 a1=580f9c5da950 a2=580f9c5f6ff0 a3=64 items=2 ppid=84751 pid=84752 auid=1905239618 uid=0 gid=0 euid=0 suid=0 fsuid=0 egid=0 sgid=0 fsgid=0 tty=pts4 ses=2 comm="pqos" exe="/usr/sbin/pqos" subj=unconfined key="lcsr-priv-exec" ARCH=x86_64 SYSCALL=execve AUID="lh818" UID="root" GID="root" EUID="root" SUID="root" FSUID="root" EGID="root" SGID="root" FSGID="root"
Apr 23 16:23:21 memexpand.cs.rutgers.edu audispd[4078]: type=EXECVE msg=audit(1776975801.727:4486): argc=3 a0="pqos" a1="-e" a2="mba@0:7=50"
Apr 23 16:23:21 memexpand.cs.rutgers.edu sudo[84740]: pam_unix(sudo:session): session closed for user root
Apr 23 16:23:21 memexpand.cs.rutgers.edu sudo[84740]: pam_succeed_if(sudo:session): requirement "service in cron:atd" not met by user "root"
Apr 23 16:23:21 memexpand.cs.rutgers.edu audispd[4078]: type=SYSCALL msg=audit(1776975801.756:4487): arch=c000003e syscall=59 success=yes exit=0 a0=591eb1435570 a1=591eb142e6c0 a2=591eb14334f0 a3=591eb1435590 items=2 ppid=84438 pid=84777 auid=1905239618 uid=0 gid=0 euid=0 suid=0 fsuid=0 egid=0 sgid=0 fsgid=0 tty=pts2 ses=2 comm="sudo" exe="/usr/bin/sudo" subj=unconfined key="lcsr-priv-exec" ARCH=x86_64 SYSCALL=execve AUID="lh818" UID="root" GID="root" EUID="root" SUID="root" FSUID="root" EGID="root" SGID="root" FSGID="root"
Apr 23 16:23:21 memexpand.cs.rutgers.edu audispd[4078]: type=EXECVE msg=audit(1776975801.756:4487): argc=4 a0="sudo" a1="pqos" a2="-e" a3="mba@0:8=50"
Apr 23 16:23:21 memexpand.cs.rutgers.edu audispd[4078]: type=USER_ACCT msg=audit(1776975801.767:4488): pid=84777 uid=0 auid=1905239618 ses=2 subj=unconfined msg='op=PAM:accounting grantors=pam_permit,pam_localuser acct="root" exe="/usr/bin/sudo" hostname=? addr=? terminal=/dev/pts/2 res=success' UID="root" AUID="lh818"
Apr 23 16:23:21 memexpand.cs.rutgers.edu sudo[84777]:     root : TTY=pts/2 ; PWD=/var/tmp/temp/rec ; USER=root ; COMMAND=/usr/sbin/pqos -e mba@0:8=50
Apr 23 16:23:21 memexpand.cs.rutgers.edu audispd[4078]: type=USER_CMD msg=audit(1776975801.767:4489): pid=84777 uid=0 auid=1905239618 ses=2 subj=unconfined msg='cwd="/var/tmp/temp/rec" cmd=70716F73202D65206D626140303A383D3530 exe="/usr/bin/sudo" terminal=pts/2 res=success' UID="root" AUID="lh818"
Apr 23 16:23:21 memexpand.cs.rutgers.edu audispd[4078]: type=CRED_REFR msg=audit(1776975801.767:4490): pid=84777 uid=0 auid=1905239618 ses=2 subj=unconfined msg='op=PAM:setcred grantors=pam_permit acct="root" exe="/usr/bin/sudo" hostname=? addr=? terminal=/dev/pts/2 res=success' UID="root" AUID="lh818"
Apr 23 16:23:21 memexpand.cs.rutgers.edu sudo[84777]: pam_unix(sudo:session): session opened for user root(uid=0) by lh818(uid=0)
Apr 23 16:23:21 memexpand.cs.rutgers.edu sudo[84777]: pam_succeed_if(sudo:session): requirement "service in cron:atd" not met by user "root"
Apr 23 16:23:21 memexpand.cs.rutgers.edu audispd[4078]: type=SYSCALL msg=audit(1776975801.771:4491): arch=c000003e syscall=59 success=yes exit=0 a0=577b051c5b48 a1=577b051d4950 a2=577b051f0ff0 a3=64 items=2 ppid=84789 pid=84790 auid=1905239618 uid=0 gid=0 euid=0 suid=0 fsuid=0 egid=0 sgid=0 fsgid=0 tty=pts4 ses=2 comm="pqos" exe="/usr/sbin/pqos" subj=unconfined key="lcsr-priv-exec" ARCH=x86_64 SYSCALL=execve AUID="lh818" UID="root" GID="root" EUID="root" SUID="root" FSUID="root" EGID="root" SGID="root" FSGID="root"
Apr 23 16:23:21 memexpand.cs.rutgers.edu audispd[4078]: type=EXECVE msg=audit(1776975801.771:4491): argc=3 a0="pqos" a1="-e" a2="mba@0:8=50"
Apr 23 16:23:21 memexpand.cs.rutgers.edu sudo[84777]: pam_unix(sudo:session): session closed for user root
Apr 23 16:23:21 memexpand.cs.rutgers.edu sudo[84777]: pam_succeed_if(sudo:session): requirement "service in cron:atd" not met by user "root"
Apr 23 16:23:21 memexpand.cs.rutgers.edu audispd[4078]: type=SYSCALL msg=audit(1776975801.811:4492): arch=c000003e syscall=59 success=yes exit=0 a0=591eb1435740 a1=591eb142e6c0 a2=591eb14334f0 a3=591eb14357a0 items=2 ppid=84438 pid=84822 auid=1905239618 uid=0 gid=0 euid=0 suid=0 fsuid=0 egid=0 sgid=0 fsgid=0 tty=pts2 ses=2 comm="sudo" exe="/usr/bin/sudo" subj=unconfined key="lcsr-priv-exec" ARCH=x86_64 SYSCALL=execve AUID="lh818" UID="root" GID="root" EUID="root" SUID="root" FSUID="root" EGID="root" SGID="root" FSGID="root"
Apr 23 16:23:21 memexpand.cs.rutgers.edu audispd[4078]: type=EXECVE msg=audit(1776975801.811:4492): argc=4 a0="sudo" a1="pqos" a2="-e" a3="mba@0:9=50"
Apr 23 16:23:21 memexpand.cs.rutgers.edu audispd[4078]: type=USER_ACCT msg=audit(1776975801.821:4493): pid=84822 uid=0 auid=1905239618 ses=2 subj=unconfined msg='op=PAM:accounting grantors=pam_permit,pam_localuser acct="root" exe="/usr/bin/sudo" hostname=? addr=? terminal=/dev/pts/2 res=success' UID="root" AUID="lh818"
Apr 23 16:23:21 memexpand.cs.rutgers.edu sudo[84822]:     root : TTY=pts/2 ; PWD=/var/tmp/temp/rec ; USER=root ; COMMAND=/usr/sbin/pqos -e mba@0:9=50
Apr 23 16:23:21 memexpand.cs.rutgers.edu audispd[4078]: type=USER_CMD msg=audit(1776975801.822:4494): pid=84822 uid=0 auid=1905239618 ses=2 subj=unconfined msg='cwd="/var/tmp/temp/rec" cmd=70716F73202D65206D626140303A393D3530 exe="/usr/bin/sudo" terminal=pts/2 res=success' UID="root" AUID="lh818"
Apr 23 16:23:21 memexpand.cs.rutgers.edu audispd[4078]: type=CRED_REFR msg=audit(1776975801.822:4495): pid=84822 uid=0 auid=1905239618 ses=2 subj=unconfined msg='op=PAM:setcred grantors=pam_permit acct="root" exe="/usr/bin/sudo" hostname=? addr=? terminal=/dev/pts/2 res=success' UID="root" AUID="lh818"
Apr 23 16:23:21 memexpand.cs.rutgers.edu sudo[84822]: pam_unix(sudo:session): session opened for user root(uid=0) by lh818(uid=0)
Apr 23 16:23:21 memexpand.cs.rutgers.edu sudo[84822]: pam_succeed_if(sudo:session): requirement "service in cron:atd" not met by user "root"
Apr 23 16:23:21 memexpand.cs.rutgers.edu audispd[4078]: type=SYSCALL msg=audit(1776975801.825:4496): arch=c000003e syscall=59 success=yes exit=0 a0=5f54a08abb48 a1=5f54a08ba950 a2=5f54a08d6ff0 a3=64 items=2 ppid=84833 pid=84834 auid=1905239618 uid=0 gid=0 euid=0 suid=0 fsuid=0 egid=0 sgid=0 fsgid=0 tty=pts4 ses=2 comm="pqos" exe="/usr/sbin/pqos" subj=unconfined key="lcsr-priv-exec" ARCH=x86_64 SYSCALL=execve AUID="lh818" UID="root" GID="root" EUID="root" SUID="root" FSUID="root" EGID="root" SGID="root" FSGID="root"
Apr 23 16:23:21 memexpand.cs.rutgers.edu audispd[4078]: type=EXECVE msg=audit(1776975801.825:4496): argc=3 a0="pqos" a1="-e" a2="mba@0:9=50"
Apr 23 16:23:21 memexpand.cs.rutgers.edu sudo[84822]: pam_unix(sudo:session): session closed for user root
Apr 23 16:23:21 memexpand.cs.rutgers.edu sudo[84822]: pam_succeed_if(sudo:session): requirement "service in cron:atd" not met by user "root"
Apr 23 16:23:21 memexpand.cs.rutgers.edu audispd[4078]: type=SYSCALL msg=audit(1776975801.861:4497): arch=c000003e syscall=59 success=yes exit=0 a0=591eb1435760 a1=591eb142e6c0 a2=591eb14334f0 a3=591eb1435590 items=2 ppid=84438 pid=84867 auid=1905239618 uid=0 gid=0 euid=0 suid=0 fsuid=0 egid=0 sgid=0 fsgid=0 tty=pts2 ses=2 comm="sudo" exe="/usr/bin/sudo" subj=unconfined key="lcsr-priv-exec" ARCH=x86_64 SYSCALL=execve AUID="lh818" UID="root" GID="root" EUID="root" SUID="root" FSUID="root" EGID="root" SGID="root" FSGID="root"
Apr 23 16:23:21 memexpand.cs.rutgers.edu audispd[4078]: type=EXECVE msg=audit(1776975801.861:4497): argc=4 a0="sudo" a1="pqos" a2="-e" a3="mba@0:10=50"
Apr 23 16:23:21 memexpand.cs.rutgers.edu audispd[4078]: type=USER_ACCT msg=audit(1776975801.871:4498): pid=84867 uid=0 auid=1905239618 ses=2 subj=unconfined msg='op=PAM:accounting grantors=pam_permit,pam_localuser acct="root" exe="/usr/bin/sudo" hostname=? addr=? terminal=/dev/pts/2 res=success' UID="root" AUID="lh818"
Apr 23 16:23:21 memexpand.cs.rutgers.edu sudo[84867]:     root : TTY=pts/2 ; PWD=/var/tmp/temp/rec ; USER=root ; COMMAND=/usr/sbin/pqos -e mba@0:10=50
Apr 23 16:23:21 memexpand.cs.rutgers.edu audispd[4078]: type=USER_CMD msg=audit(1776975801.872:4499): pid=84867 uid=0 auid=1905239618 ses=2 subj=unconfined msg='cwd="/var/tmp/temp/rec" cmd=70716F73202D65206D626140303A31303D3530 exe="/usr/bin/sudo" terminal=pts/2 res=success' UID="root" AUID="lh818"
Apr 23 16:23:21 memexpand.cs.rutgers.edu audispd[4078]: type=CRED_REFR msg=audit(1776975801.872:4500): pid=84867 uid=0 auid=1905239618 ses=2 subj=unconfined msg='op=PAM:setcred grantors=pam_permit acct="root" exe="/usr/bin/sudo" hostname=? addr=? terminal=/dev/pts/2 res=success' UID="root" AUID="lh818"
Apr 23 16:23:21 memexpand.cs.rutgers.edu sudo[84867]: pam_unix(sudo:session): session opened for user root(uid=0) by lh818(uid=0)
Apr 23 16:23:21 memexpand.cs.rutgers.edu sudo[84867]: pam_succeed_if(sudo:session): requirement "service in cron:atd" not met by user "root"
Apr 23 16:23:21 memexpand.cs.rutgers.edu audispd[4078]: type=SYSCALL msg=audit(1776975801.875:4501): arch=c000003e syscall=59 success=yes exit=0 a0=5b3b589adb48 a1=5b3b589bc950 a2=5b3b589d8ff0 a3=64 items=2 ppid=84877 pid=84879 auid=1905239618 uid=0 gid=0 euid=0 suid=0 fsuid=0 egid=0 sgid=0 fsgid=0 tty=pts4 ses=2 comm="pqos" exe="/usr/sbin/pqos" subj=unconfined key="lcsr-priv-exec" ARCH=x86_64 SYSCALL=execve AUID="lh818" UID="root" GID="root" EUID="root" SUID="root" FSUID="root" EGID="root" SGID="root" FSGID="root"
Apr 23 16:23:21 memexpand.cs.rutgers.edu audispd[4078]: type=EXECVE msg=audit(1776975801.875:4501): argc=3 a0="pqos" a1="-e" a2="mba@0:10=50"
Apr 23 16:23:21 memexpand.cs.rutgers.edu sudo[84867]: pam_unix(sudo:session): session closed for user root
Apr 23 16:23:21 memexpand.cs.rutgers.edu sudo[84867]: pam_succeed_if(sudo:session): requirement "service in cron:atd" not met by user "root"
Apr 23 16:23:21 memexpand.cs.rutgers.edu audispd[4078]: type=SYSCALL msg=audit(1776975801.907:4502): arch=c000003e syscall=59 success=yes exit=0 a0=591eb1434960 a1=591eb142e6c0 a2=591eb14334f0 a3=591eb14357a0 items=2 ppid=84438 pid=84906 auid=1905239618 uid=0 gid=0 euid=0 suid=0 fsuid=0 egid=0 sgid=0 fsgid=0 tty=pts2 ses=2 comm="sudo" exe="/usr/bin/sudo" subj=unconfined key="lcsr-priv-exec" ARCH=x86_64 SYSCALL=execve AUID="lh818" UID="root" GID="root" EUID="root" SUID="root" FSUID="root" EGID="root" SGID="root" FSGID="root"
Apr 23 16:23:21 memexpand.cs.rutgers.edu audispd[4078]: type=EXECVE msg=audit(1776975801.907:4502): argc=4 a0="sudo" a1="pqos" a2="-e" a3="mba@0:11=50"
Apr 23 16:23:21 memexpand.cs.rutgers.edu audispd[4078]: type=USER_ACCT msg=audit(1776975801.917:4503): pid=84906 uid=0 auid=1905239618 ses=2 subj=unconfined msg='op=PAM:accounting grantors=pam_permit,pam_localuser acct="root" exe="/usr/bin/sudo" hostname=? addr=? terminal=/dev/pts/2 res=success' UID="root" AUID="lh818"
Apr 23 16:23:21 memexpand.cs.rutgers.edu sudo[84906]:     root : TTY=pts/2 ; PWD=/var/tmp/temp/rec ; USER=root ; COMMAND=/usr/sbin/pqos -e mba@0:11=50
Apr 23 16:23:21 memexpand.cs.rutgers.edu audispd[4078]: type=USER_CMD msg=audit(1776975801.917:4504): pid=84906 uid=0 auid=1905239618 ses=2 subj=unconfined msg='cwd="/var/tmp/temp/rec" cmd=70716F73202D65206D626140303A31313D3530 exe="/usr/bin/sudo" terminal=pts/2 res=success' UID="root" AUID="lh818"
Apr 23 16:23:21 memexpand.cs.rutgers.edu audispd[4078]: type=CRED_REFR msg=audit(1776975801.918:4505): pid=84906 uid=0 auid=1905239618 ses=2 subj=unconfined msg='op=PAM:setcred grantors=pam_permit acct="root" exe="/usr/bin/sudo" hostname=? addr=? terminal=/dev/pts/2 res=success' UID="root" AUID="lh818"
Apr 23 16:23:21 memexpand.cs.rutgers.edu sudo[84906]: pam_unix(sudo:session): session opened for user root(uid=0) by lh818(uid=0)
Apr 23 16:23:21 memexpand.cs.rutgers.edu sudo[84906]: pam_succeed_if(sudo:session): requirement "service in cron:atd" not met by user "root"
Apr 23 16:23:21 memexpand.cs.rutgers.edu audispd[4078]: type=SYSCALL msg=audit(1776975801.920:4506): arch=c000003e syscall=59 success=yes exit=0 a0=6357ea906b48 a1=6357ea915950 a2=6357ea931ff0 a3=64 items=2 ppid=84917 pid=84920 auid=1905239618 uid=0 gid=0 euid=0 suid=0 fsuid=0 egid=0 sgid=0 fsgid=0 tty=pts4 ses=2 comm="pqos" exe="/usr/sbin/pqos" subj=unconfined key="lcsr-priv-exec" ARCH=x86_64 SYSCALL=execve AUID="lh818" UID="root" GID="root" EUID="root" SUID="root" FSUID="root" EGID="root" SGID="root" FSGID="root"
Apr 23 16:23:21 memexpand.cs.rutgers.edu audispd[4078]: type=EXECVE msg=audit(1776975801.920:4506): argc=3 a0="pqos" a1="-e" a2="mba@0:11=50"
Apr 23 16:23:21 memexpand.cs.rutgers.edu sudo[84906]: pam_unix(sudo:session): session closed for user root
Apr 23 16:23:21 memexpand.cs.rutgers.edu sudo[84906]: pam_succeed_if(sudo:session): requirement "service in cron:atd" not met by user "root"
Apr 23 16:23:21 memexpand.cs.rutgers.edu audispd[4078]: type=SYSCALL msg=audit(1776975801.950:4507): arch=c000003e syscall=59 success=yes exit=0 a0=591eb1434980 a1=591eb142e6c0 a2=591eb14334f0 a3=591eb1435590 items=2 ppid=84438 pid=84941 auid=1905239618 uid=0 gid=0 euid=0 suid=0 fsuid=0 egid=0 sgid=0 fsgid=0 tty=pts2 ses=2 comm="sudo" exe="/usr/bin/sudo" subj=unconfined key="lcsr-priv-exec" ARCH=x86_64 SYSCALL=execve AUID="lh818" UID="root" GID="root" EUID="root" SUID="root" FSUID="root" EGID="root" SGID="root" FSGID="root"
Apr 23 16:23:21 memexpand.cs.rutgers.edu audispd[4078]: type=EXECVE msg=audit(1776975801.950:4507): argc=4 a0="sudo" a1="pqos" a2="-e" a3="mba@0:12=50"
Apr 23 16:23:21 memexpand.cs.rutgers.edu audispd[4078]: type=USER_ACCT msg=audit(1776975801.960:4508): pid=84941 uid=0 auid=1905239618 ses=2 subj=unconfined msg='op=PAM:accounting grantors=pam_permit,pam_localuser acct="root" exe="/usr/bin/sudo" hostname=? addr=? terminal=/dev/pts/2 res=success' UID="root" AUID="lh818"
Apr 23 16:23:21 memexpand.cs.rutgers.edu sudo[84941]:     root : TTY=pts/2 ; PWD=/var/tmp/temp/rec ; USER=root ; COMMAND=/usr/sbin/pqos -e mba@0:12=50
Apr 23 16:23:21 memexpand.cs.rutgers.edu audispd[4078]: type=USER_CMD msg=audit(1776975801.960:4509): pid=84941 uid=0 auid=1905239618 ses=2 subj=unconfined msg='cwd="/var/tmp/temp/rec" cmd=70716F73202D65206D626140303A31323D3530 exe="/usr/bin/sudo" terminal=pts/2 res=success' UID="root" AUID="lh818"
Apr 23 16:23:21 memexpand.cs.rutgers.edu audispd[4078]: type=CRED_REFR msg=audit(1776975801.961:4510): pid=84941 uid=0 auid=1905239618 ses=2 subj=unconfined msg='op=PAM:setcred grantors=pam_permit acct="root" exe="/usr/bin/sudo" hostname=? addr=? terminal=/dev/pts/2 res=success' UID="root" AUID="lh818"
Apr 23 16:23:21 memexpand.cs.rutgers.edu sudo[84941]: pam_unix(sudo:session): session opened for user root(uid=0) by lh818(uid=0)
Apr 23 16:23:21 memexpand.cs.rutgers.edu sudo[84941]: pam_succeed_if(sudo:session): requirement "service in cron:atd" not met by user "root"
Apr 23 16:23:21 memexpand.cs.rutgers.edu audispd[4078]: type=SYSCALL msg=audit(1776975801.964:4511): arch=c000003e syscall=59 success=yes exit=0 a0=5565f8eb1b48 a1=5565f8ec0950 a2=5565f8edcff0 a3=64 items=2 ppid=84952 pid=84953 auid=1905239618 uid=0 gid=0 euid=0 suid=0 fsuid=0 egid=0 sgid=0 fsgid=0 tty=pts4 ses=2 comm="pqos" exe="/usr/sbin/pqos" subj=unconfined key="lcsr-priv-exec" ARCH=x86_64 SYSCALL=execve AUID="lh818" UID="root" GID="root" EUID="root" SUID="root" FSUID="root" EGID="root" SGID="root" FSGID="root"
Apr 23 16:23:21 memexpand.cs.rutgers.edu audispd[4078]: type=EXECVE msg=audit(1776975801.964:4511): argc=3 a0="pqos" a1="-e" a2="mba@0:12=50"
Apr 23 16:23:21 memexpand.cs.rutgers.edu sudo[84941]: pam_unix(sudo:session): session closed for user root
Apr 23 16:23:21 memexpand.cs.rutgers.edu sudo[84941]: pam_succeed_if(sudo:session): requirement "service in cron:atd" not met by user "root"
Apr 23 16:23:21 memexpand.cs.rutgers.edu audispd[4078]: type=SYSCALL msg=audit(1776975801.994:4512): arch=c000003e syscall=59 success=yes exit=0 a0=591eb1435700 a1=591eb142e6c0 a2=591eb14334f0 a3=591eb14357a0 items=2 ppid=84438 pid=84978 auid=1905239618 uid=0 gid=0 euid=0 suid=0 fsuid=0 egid=0 sgid=0 fsgid=0 tty=pts2 ses=2 comm="sudo" exe="/usr/bin/sudo" subj=unconfined key="lcsr-priv-exec" ARCH=x86_64 SYSCALL=execve AUID="lh818" UID="root" GID="root" EUID="root" SUID="root" FSUID="root" EGID="root" SGID="root" FSGID="root"
Apr 23 16:23:21 memexpand.cs.rutgers.edu audispd[4078]: type=EXECVE msg=audit(1776975801.994:4512): argc=4 a0="sudo" a1="pqos" a2="-e" a3="mba@0:13=50"
Apr 23 16:23:22 memexpand.cs.rutgers.edu audispd[4078]: type=USER_ACCT msg=audit(1776975802.005:4513): pid=84978 uid=0 auid=1905239618 ses=2 subj=unconfined msg='op=PAM:accounting grantors=pam_permit,pam_localuser acct="root" exe="/usr/bin/sudo" hostname=? addr=? terminal=/dev/pts/2 res=success' UID="root" AUID="lh818"
Apr 23 16:23:22 memexpand.cs.rutgers.edu sudo[84978]:     root : TTY=pts/2 ; PWD=/var/tmp/temp/rec ; USER=root ; COMMAND=/usr/sbin/pqos -e mba@0:13=50
Apr 23 16:23:22 memexpand.cs.rutgers.edu audispd[4078]: type=USER_CMD msg=audit(1776975802.005:4514): pid=84978 uid=0 auid=1905239618 ses=2 subj=unconfined msg='cwd="/var/tmp/temp/rec" cmd=70716F73202D65206D626140303A31333D3530 exe="/usr/bin/sudo" terminal=pts/2 res=success' UID="root" AUID="lh818"
Apr 23 16:23:22 memexpand.cs.rutgers.edu audispd[4078]: type=CRED_REFR msg=audit(1776975802.005:4515): pid=84978 uid=0 auid=1905239618 ses=2 subj=unconfined msg='op=PAM:setcred grantors=pam_permit acct="root" exe="/usr/bin/sudo" hostname=? addr=? terminal=/dev/pts/2 res=success' UID="root" AUID="lh818"
Apr 23 16:23:22 memexpand.cs.rutgers.edu sudo[84978]: pam_unix(sudo:session): session opened for user root(uid=0) by lh818(uid=0)
Apr 23 16:23:22 memexpand.cs.rutgers.edu sudo[84978]: pam_succeed_if(sudo:session): requirement "service in cron:atd" not met by user "root"
Apr 23 16:23:22 memexpand.cs.rutgers.edu audispd[4078]: type=SYSCALL msg=audit(1776975802.008:4516): arch=c000003e syscall=59 success=yes exit=0 a0=55695d7beb48 a1=55695d7cd950 a2=55695d7e9ff0 a3=64 items=2 ppid=84988 pid=84990 auid=1905239618 uid=0 gid=0 euid=0 suid=0 fsuid=0 egid=0 sgid=0 fsgid=0 tty=pts4 ses=2 comm="pqos" exe="/usr/sbin/pqos" subj=unconfined key="lcsr-priv-exec" ARCH=x86_64 SYSCALL=execve AUID="lh818" UID="root" GID="root" EUID="root" SUID="root" FSUID="root" EGID="root" SGID="root" FSGID="root"
Apr 23 16:23:22 memexpand.cs.rutgers.edu audispd[4078]: type=EXECVE msg=audit(1776975802.008:4516): argc=3 a0="pqos" a1="-e" a2="mba@0:13=50"
Apr 23 16:23:22 memexpand.cs.rutgers.edu sudo[84978]: pam_unix(sudo:session): session closed for user root
Apr 23 16:23:22 memexpand.cs.rutgers.edu sudo[84978]: pam_succeed_if(sudo:session): requirement "service in cron:atd" not met by user "root"
Apr 23 16:23:22 memexpand.cs.rutgers.edu audispd[4078]: type=SYSCALL msg=audit(1776975802.039:4517): arch=c000003e syscall=59 success=yes exit=0 a0=591eb1434c00 a1=591eb142e6c0 a2=591eb14334f0 a3=591eb1435590 items=2 ppid=84438 pid=85004 auid=1905239618 uid=0 gid=0 euid=0 suid=0 fsuid=0 egid=0 sgid=0 fsgid=0 tty=pts2 ses=2 comm="sudo" exe="/usr/bin/sudo" subj=unconfined key="lcsr-priv-exec" ARCH=x86_64 SYSCALL=execve AUID="lh818" UID="root" GID="root" EUID="root" SUID="root" FSUID="root" EGID="root" SGID="root" FSGID="root"
Apr 23 16:23:22 memexpand.cs.rutgers.edu audispd[4078]: type=EXECVE msg=audit(1776975802.039:4517): argc=4 a0="sudo" a1="pqos" a2="-e" a3="mba@0:14=50"
Apr 23 16:23:22 memexpand.cs.rutgers.edu audispd[4078]: type=USER_ACCT msg=audit(1776975802.049:4518): pid=85004 uid=0 auid=1905239618 ses=2 subj=unconfined msg='op=PAM:accounting grantors=pam_permit,pam_localuser acct="root" exe="/usr/bin/sudo" hostname=? addr=? terminal=/dev/pts/2 res=success' UID="root" AUID="lh818"
Apr 23 16:23:22 memexpand.cs.rutgers.edu sudo[85004]:     root : TTY=pts/2 ; PWD=/var/tmp/temp/rec ; USER=root ; COMMAND=/usr/sbin/pqos -e mba@0:14=50
Apr 23 16:23:22 memexpand.cs.rutgers.edu audispd[4078]: type=USER_CMD msg=audit(1776975802.049:4519): pid=85004 uid=0 auid=1905239618 ses=2 subj=unconfined msg='cwd="/var/tmp/temp/rec" cmd=70716F73202D65206D626140303A31343D3530 exe="/usr/bin/sudo" terminal=pts/2 res=success' UID="root" AUID="lh818"
Apr 23 16:23:22 memexpand.cs.rutgers.edu audispd[4078]: type=CRED_REFR msg=audit(1776975802.050:4520): pid=85004 uid=0 auid=1905239618 ses=2 subj=unconfined msg='op=PAM:setcred grantors=pam_permit acct="root" exe="/usr/bin/sudo" hostname=? addr=? terminal=/dev/pts/2 res=success' UID="root" AUID="lh818"
Apr 23 16:23:22 memexpand.cs.rutgers.edu sudo[85004]: pam_unix(sudo:session): session opened for user root(uid=0) by lh818(uid=0)
Apr 23 16:23:22 memexpand.cs.rutgers.edu sudo[85004]: pam_succeed_if(sudo:session): requirement "service in cron:atd" not met by user "root"
Apr 23 16:23:22 memexpand.cs.rutgers.edu audispd[4078]: type=SYSCALL msg=audit(1776975802.052:4521): arch=c000003e syscall=59 success=yes exit=0 a0=64e7668b1b48 a1=64e7668c0950 a2=64e7668dcff0 a3=64 items=2 ppid=85005 pid=85006 auid=1905239618 uid=0 gid=0 euid=0 suid=0 fsuid=0 egid=0 sgid=0 fsgid=0 tty=pts4 ses=2 comm="pqos" exe="/usr/sbin/pqos" subj=unconfined key="lcsr-priv-exec" ARCH=x86_64 SYSCALL=execve AUID="lh818" UID="root" GID="root" EUID="root" SUID="root" FSUID="root" EGID="root" SGID="root" FSGID="root"
Apr 23 16:23:22 memexpand.cs.rutgers.edu audispd[4078]: type=EXECVE msg=audit(1776975802.052:4521): argc=3 a0="pqos" a1="-e" a2="mba@0:14=50"
Apr 23 16:23:22 memexpand.cs.rutgers.edu sudo[85004]: pam_unix(sudo:session): session closed for user root
Apr 23 16:23:22 memexpand.cs.rutgers.edu sudo[85004]: pam_succeed_if(sudo:session): requirement "service in cron:atd" not met by user "root"
Apr 23 16:23:22 memexpand.cs.rutgers.edu audispd[4078]: type=SYSCALL msg=audit(1776975802.082:4522): arch=c000003e syscall=59 success=yes exit=0 a0=591eb1434860 a1=591eb142fb40 a2=591eb142d380 a3=8 items=2 ppid=84438 pid=85011 auid=1905239618 uid=0 gid=0 euid=0 suid=0 fsuid=0 egid=0 sgid=0 fsgid=0 tty=pts2 ses=2 comm="seq" exe="/usr/bin/seq" subj=unconfined key="lcsr-priv-exec" ARCH=x86_64 SYSCALL=execve AUID="lh818" UID="root" GID="root" EUID="root" SUID="root" FSUID="root" EGID="root" SGID="root" FSGID="root"
Apr 23 16:23:22 memexpand.cs.rutgers.edu audispd[4078]: type=EXECVE msg=audit(1776975802.082:4522): argc=3 a0="seq" a1="0" a2="14"
Apr 23 16:23:22 memexpand.cs.rutgers.edu audispd[4078]: type=SYSCALL msg=audit(1776975802.084:4523): arch=c000003e syscall=59 success=yes exit=0 a0=591eb1435780 a1=591eb142fbf0 a2=591eb14334f0 a3=591eb14357a0 items=2 ppid=84438 pid=85012 auid=1905239618 uid=0 gid=0 euid=0 suid=0 fsuid=0 egid=0 sgid=0 fsgid=0 tty=pts2 ses=2 comm="sudo" exe="/usr/bin/sudo" subj=unconfined key="lcsr-priv-exec" ARCH=x86_64 SYSCALL=execve AUID="lh818" UID="root" GID="root" EUID="root" SUID="root" FSUID="root" EGID="root" SGID="root" FSGID="root"
Apr 23 16:23:22 memexpand.cs.rutgers.edu audispd[4078]: type=EXECVE msg=audit(1776975802.084:4523): argc=4 a0="sudo" a1="pqos" a2="-e" a3="mba@1:0=50"
Apr 23 16:23:22 memexpand.cs.rutgers.edu audispd[4078]: type=USER_ACCT msg=audit(1776975802.094:4524): pid=85012 uid=0 auid=1905239618 ses=2 subj=unconfined msg='op=PAM:accounting grantors=pam_permit,pam_localuser acct="root" exe="/usr/bin/sudo" hostname=? addr=? terminal=/dev/pts/2 res=success' UID="root" AUID="lh818"
Apr 23 16:23:22 memexpand.cs.rutgers.edu sudo[85012]:     root : TTY=pts/2 ; PWD=/var/tmp/temp/rec ; USER=root ; COMMAND=/usr/sbin/pqos -e mba@1:0=50
Apr 23 16:23:22 memexpand.cs.rutgers.edu audispd[4078]: type=USER_CMD msg=audit(1776975802.094:4525): pid=85012 uid=0 auid=1905239618 ses=2 subj=unconfined msg='cwd="/var/tmp/temp/rec" cmd=70716F73202D65206D626140313A303D3530 exe="/usr/bin/sudo" terminal=pts/2 res=success' UID="root" AUID="lh818"
Apr 23 16:23:22 memexpand.cs.rutgers.edu audispd[4078]: type=CRED_REFR msg=audit(1776975802.094:4526): pid=85012 uid=0 auid=1905239618 ses=2 subj=unconfined msg='op=PAM:setcred grantors=pam_permit acct="root" exe="/usr/bin/sudo" hostname=? addr=? terminal=/dev/pts/2 res=success' UID="root" AUID="lh818"
Apr 23 16:23:22 memexpand.cs.rutgers.edu sudo[85012]: pam_unix(sudo:session): session opened for user root(uid=0) by lh818(uid=0)
Apr 23 16:23:22 memexpand.cs.rutgers.edu sudo[85012]: pam_succeed_if(sudo:session): requirement "service in cron:atd" not met by user "root"
Apr 23 16:23:22 memexpand.cs.rutgers.edu audispd[4078]: type=SYSCALL msg=audit(1776975802.096:4527): arch=c000003e syscall=59 success=yes exit=0 a0=627b3d6f5b48 a1=627b3d704950 a2=627b3d720ff0 a3=64 items=2 ppid=85013 pid=85014 auid=1905239618 uid=0 gid=0 euid=0 suid=0 fsuid=0 egid=0 sgid=0 fsgid=0 tty=pts4 ses=2 comm="pqos" exe="/usr/sbin/pqos" subj=unconfined key="lcsr-priv-exec" ARCH=x86_64 SYSCALL=execve AUID="lh818" UID="root" GID="root" EUID="root" SUID="root" FSUID="root" EGID="root" SGID="root" FSGID="root"
Apr 23 16:23:22 memexpand.cs.rutgers.edu audispd[4078]: type=EXECVE msg=audit(1776975802.096:4527): argc=3 a0="pqos" a1="-e" a2="mba@1:0=50"
Apr 23 16:23:22 memexpand.cs.rutgers.edu sudo[85012]: pam_unix(sudo:session): session closed for user root
Apr 23 16:23:22 memexpand.cs.rutgers.edu sudo[85012]: pam_succeed_if(sudo:session): requirement "service in cron:atd" not met by user "root"
Apr 23 16:23:22 memexpand.cs.rutgers.edu audispd[4078]: type=SYSCALL msg=audit(1776975802.127:4528): arch=c000003e syscall=59 success=yes exit=0 a0=591eb14346d0 a1=591eb142fbf0 a2=591eb14334f0 a3=591eb1435590 items=2 ppid=84438 pid=85015 auid=1905239618 uid=0 gid=0 euid=0 suid=0 fsuid=0 egid=0 sgid=0 fsgid=0 tty=pts2 ses=2 comm="sudo" exe="/usr/bin/sudo" subj=unconfined key="lcsr-priv-exec" ARCH=x86_64 SYSCALL=execve AUID="lh818" UID="root" GID="root" EUID="root" SUID="root" FSUID="root" EGID="root" SGID="root" FSGID="root"
Apr 23 16:23:22 memexpand.cs.rutgers.edu audispd[4078]: type=EXECVE msg=audit(1776975802.127:4528): argc=4 a0="sudo" a1="pqos" a2="-e" a3="mba@1:1=50"
Apr 23 16:23:22 memexpand.cs.rutgers.edu audispd[4078]: type=USER_ACCT msg=audit(1776975802.137:4529): pid=85015 uid=0 auid=1905239618 ses=2 subj=unconfined msg='op=PAM:accounting grantors=pam_permit,pam_localuser acct="root" exe="/usr/bin/sudo" hostname=? addr=? terminal=/dev/pts/2 res=success' UID="root" AUID="lh818"
Apr 23 16:23:22 memexpand.cs.rutgers.edu sudo[85015]:     root : TTY=pts/2 ; PWD=/var/tmp/temp/rec ; USER=root ; COMMAND=/usr/sbin/pqos -e mba@1:1=50
Apr 23 16:23:22 memexpand.cs.rutgers.edu audispd[4078]: type=USER_CMD msg=audit(1776975802.138:4530): pid=85015 uid=0 auid=1905239618 ses=2 subj=unconfined msg='cwd="/var/tmp/temp/rec" cmd=70716F73202D65206D626140313A313D3530 exe="/usr/bin/sudo" terminal=pts/2 res=success' UID="root" AUID="lh818"
Apr 23 16:23:22 memexpand.cs.rutgers.edu audispd[4078]: type=CRED_REFR msg=audit(1776975802.138:4531): pid=85015 uid=0 auid=1905239618 ses=2 subj=unconfined msg='op=PAM:setcred grantors=pam_permit acct="root" exe="/usr/bin/sudo" hostname=? addr=? terminal=/dev/pts/2 res=success' UID="root" AUID="lh818"
Apr 23 16:23:22 memexpand.cs.rutgers.edu sudo[85015]: pam_unix(sudo:session): session opened for user root(uid=0) by lh818(uid=0)
Apr 23 16:23:22 memexpand.cs.rutgers.edu sudo[85015]: pam_succeed_if(sudo:session): requirement "service in cron:atd" not met by user "root"
Apr 23 16:23:22 memexpand.cs.rutgers.edu audispd[4078]: type=SYSCALL msg=audit(1776975802.140:4532): arch=c000003e syscall=59 success=yes exit=0 a0=5a1d66bf1b48 a1=5a1d66c00950 a2=5a1d66c1cff0 a3=64 items=2 ppid=85016 pid=85017 auid=1905239618 uid=0 gid=0 euid=0 suid=0 fsuid=0 egid=0 sgid=0 fsgid=0 tty=pts4 ses=2 comm="pqos" exe="/usr/sbin/pqos" subj=unconfined key="lcsr-priv-exec" ARCH=x86_64 SYSCALL=execve AUID="lh818" UID="root" GID="root" EUID="root" SUID="root" FSUID="root" EGID="root" SGID="root" FSGID="root"
Apr 23 16:23:22 memexpand.cs.rutgers.edu audispd[4078]: type=EXECVE msg=audit(1776975802.140:4532): argc=3 a0="pqos" a1="-e" a2="mba@1:1=50"
Apr 23 16:23:22 memexpand.cs.rutgers.edu sudo[85015]: pam_unix(sudo:session): session closed for user root
Apr 23 16:23:22 memexpand.cs.rutgers.edu sudo[85015]: pam_succeed_if(sudo:session): requirement "service in cron:atd" not met by user "root"
Apr 23 16:23:22 memexpand.cs.rutgers.edu audispd[4078]: type=SYSCALL msg=audit(1776975802.170:4533): arch=c000003e syscall=59 success=yes exit=0 a0=591eb1434380 a1=591eb142fbf0 a2=591eb14334f0 a3=591eb14357a0 items=2 ppid=84438 pid=85020 auid=1905239618 uid=0 gid=0 euid=0 suid=0 fsuid=0 egid=0 sgid=0 fsgid=0 tty=pts2 ses=2 comm="sudo" exe="/usr/bin/sudo" subj=unconfined key="lcsr-priv-exec" ARCH=x86_64 SYSCALL=execve AUID="lh818" UID="root" GID="root" EUID="root" SUID="root" FSUID="root" EGID="root" SGID="root" FSGID="root"
Apr 23 16:23:22 memexpand.cs.rutgers.edu audispd[4078]: type=EXECVE msg=audit(1776975802.170:4533): argc=4 a0="sudo" a1="pqos" a2="-e" a3="mba@1:2=50"
Apr 23 16:23:22 memexpand.cs.rutgers.edu audispd[4078]: type=USER_ACCT msg=audit(1776975802.180:4534): pid=85020 uid=0 auid=1905239618 ses=2 subj=unconfined msg='op=PAM:accounting grantors=pam_permit,pam_localuser acct="root" exe="/usr/bin/sudo" hostname=? addr=? terminal=/dev/pts/2 res=success' UID="root" AUID="lh818"
Apr 23 16:23:22 memexpand.cs.rutgers.edu sudo[85020]:     root : TTY=pts/2 ; PWD=/var/tmp/temp/rec ; USER=root ; COMMAND=/usr/sbin/pqos -e mba@1:2=50
Apr 23 16:23:22 memexpand.cs.rutgers.edu audispd[4078]: type=USER_CMD msg=audit(1776975802.181:4535): pid=85020 uid=0 auid=1905239618 ses=2 subj=unconfined msg='cwd="/var/tmp/temp/rec" cmd=70716F73202D65206D626140313A323D3530 exe="/usr/bin/sudo" terminal=pts/2 res=success' UID="root" AUID="lh818"
Apr 23 16:23:22 memexpand.cs.rutgers.edu audispd[4078]: type=CRED_REFR msg=audit(1776975802.181:4536): pid=85020 uid=0 auid=1905239618 ses=2 subj=unconfined msg='op=PAM:setcred grantors=pam_permit acct="root" exe="/usr/bin/sudo" hostname=? addr=? terminal=/dev/pts/2 res=success' UID="root" AUID="lh818"
Apr 23 16:23:22 memexpand.cs.rutgers.edu sudo[85020]: pam_unix(sudo:session): session opened for user root(uid=0) by lh818(uid=0)
Apr 23 16:23:22 memexpand.cs.rutgers.edu sudo[85020]: pam_succeed_if(sudo:session): requirement "service in cron:atd" not met by user "root"
Apr 23 16:23:22 memexpand.cs.rutgers.edu audispd[4078]: type=SYSCALL msg=audit(1776975802.183:4537): arch=c000003e syscall=59 success=yes exit=0 a0=627938d11b48 a1=627938d20950 a2=627938d3cff0 a3=64 items=2 ppid=85021 pid=85022 auid=1905239618 uid=0 gid=0 euid=0 suid=0 fsuid=0 egid=0 sgid=0 fsgid=0 tty=pts4 ses=2 comm="pqos" exe="/usr/sbin/pqos" subj=unconfined key="lcsr-priv-exec" ARCH=x86_64 SYSCALL=execve AUID="lh818" UID="root" GID="root" EUID="root" SUID="root" FSUID="root" EGID="root" SGID="root" FSGID="root"
Apr 23 16:23:22 memexpand.cs.rutgers.edu audispd[4078]: type=EXECVE msg=audit(1776975802.183:4537): argc=3 a0="pqos" a1="-e" a2="mba@1:2=50"
Apr 23 16:23:22 memexpand.cs.rutgers.edu sudo[85020]: pam_unix(sudo:session): session closed for user root
Apr 23 16:23:22 memexpand.cs.rutgers.edu sudo[85020]: pam_succeed_if(sudo:session): requirement "service in cron:atd" not met by user "root"
Apr 23 16:23:22 memexpand.cs.rutgers.edu audispd[4078]: type=SYSCALL msg=audit(1776975802.212:4538): arch=c000003e syscall=59 success=yes exit=0 a0=591eb142fc20 a1=591eb142fbf0 a2=591eb14334f0 a3=591eb1435590 items=2 ppid=84438 pid=85027 auid=1905239618 uid=0 gid=0 euid=0 suid=0 fsuid=0 egid=0 sgid=0 fsgid=0 tty=pts2 ses=2 comm="sudo" exe="/usr/bin/sudo" subj=unconfined key="lcsr-priv-exec" ARCH=x86_64 SYSCALL=execve AUID="lh818" UID="root" GID="root" EUID="root" SUID="root" FSUID="root" EGID="root" SGID="root" FSGID="root"
Apr 23 16:23:22 memexpand.cs.rutgers.edu audispd[4078]: type=EXECVE msg=audit(1776975802.212:4538): argc=4 a0="sudo" a1="pqos" a2="-e" a3="mba@1:3=50"
Apr 23 16:23:22 memexpand.cs.rutgers.edu audispd[4078]: type=USER_ACCT msg=audit(1776975802.222:4539): pid=85027 uid=0 auid=1905239618 ses=2 subj=unconfined msg='op=PAM:accounting grantors=pam_permit,pam_localuser acct="root" exe="/usr/bin/sudo" hostname=? addr=? terminal=/dev/pts/2 res=success' UID="root" AUID="lh818"
Apr 23 16:23:22 memexpand.cs.rutgers.edu sudo[85027]:     root : TTY=pts/2 ; PWD=/var/tmp/temp/rec ; USER=root ; COMMAND=/usr/sbin/pqos -e mba@1:3=50
Apr 23 16:23:22 memexpand.cs.rutgers.edu audispd[4078]: type=USER_CMD msg=audit(1776975802.222:4540): pid=85027 uid=0 auid=1905239618 ses=2 subj=unconfined msg='cwd="/var/tmp/temp/rec" cmd=70716F73202D65206D626140313A333D3530 exe="/usr/bin/sudo" terminal=pts/2 res=success' UID="root" AUID="lh818"
Apr 23 16:23:22 memexpand.cs.rutgers.edu audispd[4078]: type=CRED_REFR msg=audit(1776975802.223:4541): pid=85027 uid=0 auid=1905239618 ses=2 subj=unconfined msg='op=PAM:setcred grantors=pam_permit acct="root" exe="/usr/bin/sudo" hostname=? addr=? terminal=/dev/pts/2 res=success' UID="root" AUID="lh818"
Apr 23 16:23:22 memexpand.cs.rutgers.edu sudo[85027]: pam_unix(sudo:session): session opened for user root(uid=0) by lh818(uid=0)
Apr 23 16:23:22 memexpand.cs.rutgers.edu sudo[85027]: pam_succeed_if(sudo:session): requirement "service in cron:atd" not met by user "root"
Apr 23 16:23:22 memexpand.cs.rutgers.edu audispd[4078]: type=SYSCALL msg=audit(1776975802.225:4542): arch=c000003e syscall=59 success=yes exit=0 a0=6469abcd8b48 a1=6469abce7950 a2=6469abd03ff0 a3=64 items=2 ppid=85029 pid=85030 auid=1905239618 uid=0 gid=0 euid=0 suid=0 fsuid=0 egid=0 sgid=0 fsgid=0 tty=pts4 ses=2 comm="pqos" exe="/usr/sbin/pqos" subj=unconfined key="lcsr-priv-exec" ARCH=x86_64 SYSCALL=execve AUID="lh818" UID="root" GID="root" EUID="root" SUID="root" FSUID="root" EGID="root" SGID="root" FSGID="root"
Apr 23 16:23:22 memexpand.cs.rutgers.edu audispd[4078]: type=EXECVE msg=audit(1776975802.225:4542): argc=3 a0="pqos" a1="-e" a2="mba@1:3=50"
Apr 23 16:23:22 memexpand.cs.rutgers.edu sudo[85027]: pam_unix(sudo:session): session closed for user root
Apr 23 16:23:22 memexpand.cs.rutgers.edu sudo[85027]: pam_succeed_if(sudo:session): requirement "service in cron:atd" not met by user "root"
Apr 23 16:23:22 memexpand.cs.rutgers.edu audispd[4078]: type=SYSCALL msg=audit(1776975802.255:4543): arch=c000003e syscall=59 success=yes exit=0 a0=591eb1435640 a1=591eb142fbf0 a2=591eb14334f0 a3=591eb14357a0 items=2 ppid=84438 pid=85031 auid=1905239618 uid=0 gid=0 euid=0 suid=0 fsuid=0 egid=0 sgid=0 fsgid=0 tty=pts2 ses=2 comm="sudo" exe="/usr/bin/sudo" subj=unconfined key="lcsr-priv-exec" ARCH=x86_64 SYSCALL=execve AUID="lh818" UID="root" GID="root" EUID="root" SUID="root" FSUID="root" EGID="root" SGID="root" FSGID="root"
Apr 23 16:23:22 memexpand.cs.rutgers.edu audispd[4078]: type=EXECVE msg=audit(1776975802.255:4543): argc=4 a0="sudo" a1="pqos" a2="-e" a3="mba@1:4=50"
Apr 23 16:23:22 memexpand.cs.rutgers.edu audispd[4078]: type=USER_ACCT msg=audit(1776975802.265:4544): pid=85031 uid=0 auid=1905239618 ses=2 subj=unconfined msg='op=PAM:accounting grantors=pam_permit,pam_localuser acct="root" exe="/usr/bin/sudo" hostname=? addr=? terminal=/dev/pts/2 res=success' UID="root" AUID="lh818"
Apr 23 16:23:22 memexpand.cs.rutgers.edu sudo[85031]:     root : TTY=pts/2 ; PWD=/var/tmp/temp/rec ; USER=root ; COMMAND=/usr/sbin/pqos -e mba@1:4=50
Apr 23 16:23:22 memexpand.cs.rutgers.edu audispd[4078]: type=USER_CMD msg=audit(1776975802.265:4545): pid=85031 uid=0 auid=1905239618 ses=2 subj=unconfined msg='cwd="/var/tmp/temp/rec" cmd=70716F73202D65206D626140313A343D3530 exe="/usr/bin/sudo" terminal=pts/2 res=success' UID="root" AUID="lh818"
Apr 23 16:23:22 memexpand.cs.rutgers.edu audispd[4078]: type=CRED_REFR msg=audit(1776975802.265:4546): pid=85031 uid=0 auid=1905239618 ses=2 subj=unconfined msg='op=PAM:setcred grantors=pam_permit acct="root" exe="/usr/bin/sudo" hostname=? addr=? terminal=/dev/pts/2 res=success' UID="root" AUID="lh818"
Apr 23 16:23:22 memexpand.cs.rutgers.edu sudo[85031]: pam_unix(sudo:session): session opened for user root(uid=0) by lh818(uid=0)
Apr 23 16:23:22 memexpand.cs.rutgers.edu sudo[85031]: pam_succeed_if(sudo:session): requirement "service in cron:atd" not met by user "root"
Apr 23 16:23:22 memexpand.cs.rutgers.edu audispd[4078]: type=SYSCALL msg=audit(1776975802.268:4547): arch=c000003e syscall=59 success=yes exit=0 a0=5d913cc0fb48 a1=5d913cc1e950 a2=5d913cc3aff0 a3=64 items=2 ppid=85032 pid=85033 auid=1905239618 uid=0 gid=0 euid=0 suid=0 fsuid=0 egid=0 sgid=0 fsgid=0 tty=pts4 ses=2 comm="pqos" exe="/usr/sbin/pqos" subj=unconfined key="lcsr-priv-exec" ARCH=x86_64 SYSCALL=execve AUID="lh818" UID="root" GID="root" EUID="root" SUID="root" FSUID="root" EGID="root" SGID="root" FSGID="root"
Apr 23 16:23:22 memexpand.cs.rutgers.edu audispd[4078]: type=EXECVE msg=audit(1776975802.268:4547): argc=3 a0="pqos" a1="-e" a2="mba@1:4=50"
Apr 23 16:23:22 memexpand.cs.rutgers.edu sudo[85031]: pam_unix(sudo:session): session closed for user root
Apr 23 16:23:22 memexpand.cs.rutgers.edu sudo[85031]: pam_succeed_if(sudo:session): requirement "service in cron:atd" not met by user "root"
Apr 23 16:23:22 memexpand.cs.rutgers.edu audispd[4078]: type=SYSCALL msg=audit(1776975802.297:4548): arch=c000003e syscall=59 success=yes exit=0 a0=591eb14349c0 a1=591eb142fbf0 a2=591eb14334f0 a3=591eb1435590 items=2 ppid=84438 pid=85037 auid=1905239618 uid=0 gid=0 euid=0 suid=0 fsuid=0 egid=0 sgid=0 fsgid=0 tty=pts2 ses=2 comm="sudo" exe="/usr/bin/sudo" subj=unconfined key="lcsr-priv-exec" ARCH=x86_64 SYSCALL=execve AUID="lh818" UID="root" GID="root" EUID="root" SUID="root" FSUID="root" EGID="root" SGID="root" FSGID="root"
Apr 23 16:23:22 memexpand.cs.rutgers.edu audispd[4078]: type=EXECVE msg=audit(1776975802.297:4548): argc=4 a0="sudo" a1="pqos" a2="-e" a3="mba@1:5=50"
Apr 23 16:23:22 memexpand.cs.rutgers.edu audispd[4078]: type=USER_ACCT msg=audit(1776975802.307:4549): pid=85037 uid=0 auid=1905239618 ses=2 subj=unconfined msg='op=PAM:accounting grantors=pam_permit,pam_localuser acct="root" exe="/usr/bin/sudo" hostname=? addr=? terminal=/dev/pts/2 res=success' UID="root" AUID="lh818"
Apr 23 16:23:22 memexpand.cs.rutgers.edu sudo[85037]:     root : TTY=pts/2 ; PWD=/var/tmp/temp/rec ; USER=root ; COMMAND=/usr/sbin/pqos -e mba@1:5=50
Apr 23 16:23:22 memexpand.cs.rutgers.edu audispd[4078]: type=USER_CMD msg=audit(1776975802.308:4550): pid=85037 uid=0 auid=1905239618 ses=2 subj=unconfined msg='cwd="/var/tmp/temp/rec" cmd=70716F73202D65206D626140313A353D3530 exe="/usr/bin/sudo" terminal=pts/2 res=success' UID="root" AUID="lh818"
Apr 23 16:23:22 memexpand.cs.rutgers.edu audispd[4078]: type=CRED_REFR msg=audit(1776975802.308:4551): pid=85037 uid=0 auid=1905239618 ses=2 subj=unconfined msg='op=PAM:setcred grantors=pam_permit acct="root" exe="/usr/bin/sudo" hostname=? addr=? terminal=/dev/pts/2 res=success' UID="root" AUID="lh818"
Apr 23 16:23:22 memexpand.cs.rutgers.edu sudo[85037]: pam_unix(sudo:session): session opened for user root(uid=0) by lh818(uid=0)
Apr 23 16:23:22 memexpand.cs.rutgers.edu sudo[85037]: pam_succeed_if(sudo:session): requirement "service in cron:atd" not met by user "root"
Apr 23 16:23:22 memexpand.cs.rutgers.edu audispd[4078]: type=SYSCALL msg=audit(1776975802.311:4552): arch=c000003e syscall=59 success=yes exit=0 a0=564ed76e3b48 a1=564ed76f2950 a2=564ed770eff0 a3=64 items=2 ppid=85043 pid=85045 auid=1905239618 uid=0 gid=0 euid=0 suid=0 fsuid=0 egid=0 sgid=0 fsgid=0 tty=pts4 ses=2 comm="pqos" exe="/usr/sbin/pqos" subj=unconfined key="lcsr-priv-exec" ARCH=x86_64 SYSCALL=execve AUID="lh818" UID="root" GID="root" EUID="root" SUID="root" FSUID="root" EGID="root" SGID="root" FSGID="root"
Apr 23 16:23:22 memexpand.cs.rutgers.edu audispd[4078]: type=EXECVE msg=audit(1776975802.311:4552): argc=3 a0="pqos" a1="-e" a2="mba@1:5=50"
Apr 23 16:23:22 memexpand.cs.rutgers.edu sudo[85037]: pam_unix(sudo:session): session closed for user root
Apr 23 16:23:22 memexpand.cs.rutgers.edu sudo[85037]: pam_succeed_if(sudo:session): requirement "service in cron:atd" not met by user "root"
Apr 23 16:23:22 memexpand.cs.rutgers.edu audispd[4078]: type=SYSCALL msg=audit(1776975802.341:4553): arch=c000003e syscall=59 success=yes exit=0 a0=591eb1434740 a1=591eb142fbf0 a2=591eb14334f0 a3=591eb14357a0 items=2 ppid=84438 pid=85060 auid=1905239618 uid=0 gid=0 euid=0 suid=0 fsuid=0 egid=0 sgid=0 fsgid=0 tty=pts2 ses=2 comm="sudo" exe="/usr/bin/sudo" subj=unconfined key="lcsr-priv-exec" ARCH=x86_64 SYSCALL=execve AUID="lh818" UID="root" GID="root" EUID="root" SUID="root" FSUID="root" EGID="root" SGID="root" FSGID="root"
Apr 23 16:23:22 memexpand.cs.rutgers.edu audispd[4078]: type=EXECVE msg=audit(1776975802.341:4553): argc=4 a0="sudo" a1="pqos" a2="-e" a3="mba@1:6=50"
Apr 23 16:23:22 memexpand.cs.rutgers.edu audispd[4078]: type=USER_ACCT msg=audit(1776975802.351:4554): pid=85060 uid=0 auid=1905239618 ses=2 subj=unconfined msg='op=PAM:accounting grantors=pam_permit,pam_localuser acct="root" exe="/usr/bin/sudo" hostname=? addr=? terminal=/dev/pts/2 res=success' UID="root" AUID="lh818"
Apr 23 16:23:22 memexpand.cs.rutgers.edu sudo[85060]:     root : TTY=pts/2 ; PWD=/var/tmp/temp/rec ; USER=root ; COMMAND=/usr/sbin/pqos -e mba@1:6=50
Apr 23 16:23:22 memexpand.cs.rutgers.edu audispd[4078]: type=USER_CMD msg=audit(1776975802.351:4555): pid=85060 uid=0 auid=1905239618 ses=2 subj=unconfined msg='cwd="/var/tmp/temp/rec" cmd=70716F73202D65206D626140313A363D3530 exe="/usr/bin/sudo" terminal=pts/2 res=success' UID="root" AUID="lh818"
Apr 23 16:23:22 memexpand.cs.rutgers.edu audispd[4078]: type=CRED_REFR msg=audit(1776975802.351:4556): pid=85060 uid=0 auid=1905239618 ses=2 subj=unconfined msg='op=PAM:setcred grantors=pam_permit acct="root" exe="/usr/bin/sudo" hostname=? addr=? terminal=/dev/pts/2 res=success' UID="root" AUID="lh818"
Apr 23 16:23:22 memexpand.cs.rutgers.edu sudo[85060]: pam_unix(sudo:session): session opened for user root(uid=0) by lh818(uid=0)
Apr 23 16:23:22 memexpand.cs.rutgers.edu sudo[85060]: pam_succeed_if(sudo:session): requirement "service in cron:atd" not met by user "root"
Apr 23 16:23:22 memexpand.cs.rutgers.edu audispd[4078]: type=SYSCALL msg=audit(1776975802.354:4557): arch=c000003e syscall=59 success=yes exit=0 a0=625e161c4b48 a1=625e161d3950 a2=625e161efff0 a3=64 items=2 ppid=85061 pid=85062 auid=1905239618 uid=0 gid=0 euid=0 suid=0 fsuid=0 egid=0 sgid=0 fsgid=0 tty=pts4 ses=2 comm="pqos" exe="/usr/sbin/pqos" subj=unconfined key="lcsr-priv-exec" ARCH=x86_64 SYSCALL=execve AUID="lh818" UID="root" GID="root" EUID="root" SUID="root" FSUID="root" EGID="root" SGID="root" FSGID="root"
Apr 23 16:23:22 memexpand.cs.rutgers.edu audispd[4078]: type=EXECVE msg=audit(1776975802.354:4557): argc=3 a0="pqos" a1="-e" a2="mba@1:6=50"
Apr 23 16:23:22 memexpand.cs.rutgers.edu sudo[85060]: pam_unix(sudo:session): session closed for user root
Apr 23 16:23:22 memexpand.cs.rutgers.edu sudo[85060]: pam_succeed_if(sudo:session): requirement "service in cron:atd" not met by user "root"
Apr 23 16:23:22 memexpand.cs.rutgers.edu audispd[4078]: type=SYSCALL msg=audit(1776975802.385:4558): arch=c000003e syscall=59 success=yes exit=0 a0=591eb1435570 a1=591eb142fbf0 a2=591eb14334f0 a3=591eb1435590 items=2 ppid=84438 pid=85069 auid=1905239618 uid=0 gid=0 euid=0 suid=0 fsuid=0 egid=0 sgid=0 fsgid=0 tty=pts2 ses=2 comm="sudo" exe="/usr/bin/sudo" subj=unconfined key="lcsr-priv-exec" ARCH=x86_64 SYSCALL=execve AUID="lh818" UID="root" GID="root" EUID="root" SUID="root" FSUID="root" EGID="root" SGID="root" FSGID="root"
Apr 23 16:23:22 memexpand.cs.rutgers.edu audispd[4078]: type=EXECVE msg=audit(1776975802.385:4558): argc=4 a0="sudo" a1="pqos" a2="-e" a3="mba@1:7=50"
Apr 23 16:23:22 memexpand.cs.rutgers.edu audispd[4078]: type=USER_ACCT msg=audit(1776975802.395:4559): pid=85069 uid=0 auid=1905239618 ses=2 subj=unconfined msg='op=PAM:accounting grantors=pam_permit,pam_localuser acct="root" exe="/usr/bin/sudo" hostname=? addr=? terminal=/dev/pts/2 res=success' UID="root" AUID="lh818"
Apr 23 16:23:22 memexpand.cs.rutgers.edu sudo[85069]:     root : TTY=pts/2 ; PWD=/var/tmp/temp/rec ; USER=root ; COMMAND=/usr/sbin/pqos -e mba@1:7=50
Apr 23 16:23:22 memexpand.cs.rutgers.edu audispd[4078]: type=USER_CMD msg=audit(1776975802.395:4560): pid=85069 uid=0 auid=1905239618 ses=2 subj=unconfined msg='cwd="/var/tmp/temp/rec" cmd=70716F73202D65206D626140313A373D3530 exe="/usr/bin/sudo" terminal=pts/2 res=success' UID="root" AUID="lh818"
Apr 23 16:23:22 memexpand.cs.rutgers.edu audispd[4078]: type=CRED_REFR msg=audit(1776975802.395:4561): pid=85069 uid=0 auid=1905239618 ses=2 subj=unconfined msg='op=PAM:setcred grantors=pam_permit acct="root" exe="/usr/bin/sudo" hostname=? addr=? terminal=/dev/pts/2 res=success' UID="root" AUID="lh818"
Apr 23 16:23:22 memexpand.cs.rutgers.edu sudo[85069]: pam_unix(sudo:session): session opened for user root(uid=0) by lh818(uid=0)
Apr 23 16:23:22 memexpand.cs.rutgers.edu sudo[85069]: pam_succeed_if(sudo:session): requirement "service in cron:atd" not met by user "root"
Apr 23 16:23:22 memexpand.cs.rutgers.edu audispd[4078]: type=SYSCALL msg=audit(1776975802.398:4562): arch=c000003e syscall=59 success=yes exit=0 a0=6215a7e76b48 a1=6215a7e85950 a2=6215a7ea1ff0 a3=64 items=2 ppid=85070 pid=85071 auid=1905239618 uid=0 gid=0 euid=0 suid=0 fsuid=0 egid=0 sgid=0 fsgid=0 tty=pts4 ses=2 comm="pqos" exe="/usr/sbin/pqos" subj=unconfined key="lcsr-priv-exec" ARCH=x86_64 SYSCALL=execve AUID="lh818" UID="root" GID="root" EUID="root" SUID="root" FSUID="root" EGID="root" SGID="root" FSGID="root"
Apr 23 16:23:22 memexpand.cs.rutgers.edu audispd[4078]: type=EXECVE msg=audit(1776975802.398:4562): argc=3 a0="pqos" a1="-e" a2="mba@1:7=50"
Apr 23 16:23:22 memexpand.cs.rutgers.edu sudo[85069]: pam_unix(sudo:session): session closed for user root
Apr 23 16:23:22 memexpand.cs.rutgers.edu sudo[85069]: pam_succeed_if(sudo:session): requirement "service in cron:atd" not met by user "root"
Apr 23 16:23:22 memexpand.cs.rutgers.edu audispd[4078]: type=SYSCALL msg=audit(1776975802.427:4563): arch=c000003e syscall=59 success=yes exit=0 a0=591eb1434720 a1=591eb142fbf0 a2=591eb14334f0 a3=591eb14357a0 items=2 ppid=84438 pid=85072 auid=1905239618 uid=0 gid=0 euid=0 suid=0 fsuid=0 egid=0 sgid=0 fsgid=0 tty=pts2 ses=2 comm="sudo" exe="/usr/bin/sudo" subj=unconfined key="lcsr-priv-exec" ARCH=x86_64 SYSCALL=execve AUID="lh818" UID="root" GID="root" EUID="root" SUID="root" FSUID="root" EGID="root" SGID="root" FSGID="root"
Apr 23 16:23:22 memexpand.cs.rutgers.edu audispd[4078]: type=EXECVE msg=audit(1776975802.427:4563): argc=4 a0="sudo" a1="pqos" a2="-e" a3="mba@1:8=50"
Apr 23 16:23:22 memexpand.cs.rutgers.edu audispd[4078]: type=USER_ACCT msg=audit(1776975802.437:4564): pid=85072 uid=0 auid=1905239618 ses=2 subj=unconfined msg='op=PAM:accounting grantors=pam_permit,pam_localuser acct="root" exe="/usr/bin/sudo" hostname=? addr=? terminal=/dev/pts/2 res=success' UID="root" AUID="lh818"
Apr 23 16:23:22 memexpand.cs.rutgers.edu sudo[85072]:     root : TTY=pts/2 ; PWD=/var/tmp/temp/rec ; USER=root ; COMMAND=/usr/sbin/pqos -e mba@1:8=50
Apr 23 16:23:22 memexpand.cs.rutgers.edu audispd[4078]: type=USER_CMD msg=audit(1776975802.437:4565): pid=85072 uid=0 auid=1905239618 ses=2 subj=unconfined msg='cwd="/var/tmp/temp/rec" cmd=70716F73202D65206D626140313A383D3530 exe="/usr/bin/sudo" terminal=pts/2 res=success' UID="root" AUID="lh818"
Apr 23 16:23:22 memexpand.cs.rutgers.edu audispd[4078]: type=CRED_REFR msg=audit(1776975802.437:4566): pid=85072 uid=0 auid=1905239618 ses=2 subj=unconfined msg='op=PAM:setcred grantors=pam_permit acct="root" exe="/usr/bin/sudo" hostname=? addr=? terminal=/dev/pts/2 res=success' UID="root" AUID="lh818"
Apr 23 16:23:22 memexpand.cs.rutgers.edu sudo[85072]: pam_unix(sudo:session): session opened for user root(uid=0) by lh818(uid=0)
Apr 23 16:23:22 memexpand.cs.rutgers.edu sudo[85072]: pam_succeed_if(sudo:session): requirement "service in cron:atd" not met by user "root"
Apr 23 16:23:22 memexpand.cs.rutgers.edu audispd[4078]: type=SYSCALL msg=audit(1776975802.440:4567): arch=c000003e syscall=59 success=yes exit=0 a0=5ace97a04b48 a1=5ace97a13950 a2=5ace97a2fff0 a3=64 items=2 ppid=85073 pid=85074 auid=1905239618 uid=0 gid=0 euid=0 suid=0 fsuid=0 egid=0 sgid=0 fsgid=0 tty=pts4 ses=2 comm="pqos" exe="/usr/sbin/pqos" subj=unconfined key="lcsr-priv-exec" ARCH=x86_64 SYSCALL=execve AUID="lh818" UID="root" GID="root" EUID="root" SUID="root" FSUID="root" EGID="root" SGID="root" FSGID="root"
Apr 23 16:23:22 memexpand.cs.rutgers.edu audispd[4078]: type=EXECVE msg=audit(1776975802.440:4567): argc=3 a0="pqos" a1="-e" a2="mba@1:8=50"
Apr 23 16:23:22 memexpand.cs.rutgers.edu sudo[85072]: pam_unix(sudo:session): session closed for user root
Apr 23 16:23:22 memexpand.cs.rutgers.edu sudo[85072]: pam_succeed_if(sudo:session): requirement "service in cron:atd" not met by user "root"
Apr 23 16:23:22 memexpand.cs.rutgers.edu audispd[4078]: type=SYSCALL msg=audit(1776975802.469:4568): arch=c000003e syscall=59 success=yes exit=0 a0=591eb1435760 a1=591eb142fbf0 a2=591eb14334f0 a3=591eb1435590 items=2 ppid=84438 pid=85075 auid=1905239618 uid=0 gid=0 euid=0 suid=0 fsuid=0 egid=0 sgid=0 fsgid=0 tty=pts2 ses=2 comm="sudo" exe="/usr/bin/sudo" subj=unconfined key="lcsr-priv-exec" ARCH=x86_64 SYSCALL=execve AUID="lh818" UID="root" GID="root" EUID="root" SUID="root" FSUID="root" EGID="root" SGID="root" FSGID="root"
Apr 23 16:23:22 memexpand.cs.rutgers.edu audispd[4078]: type=EXECVE msg=audit(1776975802.469:4568): argc=4 a0="sudo" a1="pqos" a2="-e" a3="mba@1:9=50"
Apr 23 16:23:22 memexpand.cs.rutgers.edu audispd[4078]: type=USER_ACCT msg=audit(1776975802.479:4569): pid=85075 uid=0 auid=1905239618 ses=2 subj=unconfined msg='op=PAM:accounting grantors=pam_permit,pam_localuser acct="root" exe="/usr/bin/sudo" hostname=? addr=? terminal=/dev/pts/2 res=success' UID="root" AUID="lh818"
Apr 23 16:23:22 memexpand.cs.rutgers.edu sudo[85075]:     root : TTY=pts/2 ; PWD=/var/tmp/temp/rec ; USER=root ; COMMAND=/usr/sbin/pqos -e mba@1:9=50
Apr 23 16:23:22 memexpand.cs.rutgers.edu audispd[4078]: type=USER_CMD msg=audit(1776975802.479:4570): pid=85075 uid=0 auid=1905239618 ses=2 subj=unconfined msg='cwd="/var/tmp/temp/rec" cmd=70716F73202D65206D626140313A393D3530 exe="/usr/bin/sudo" terminal=pts/2 res=success' UID="root" AUID="lh818"
Apr 23 16:23:22 memexpand.cs.rutgers.edu audispd[4078]: type=CRED_REFR msg=audit(1776975802.479:4571): pid=85075 uid=0 auid=1905239618 ses=2 subj=unconfined msg='op=PAM:setcred grantors=pam_permit acct="root" exe="/usr/bin/sudo" hostname=? addr=? terminal=/dev/pts/2 res=success' UID="root" AUID="lh818"
Apr 23 16:23:22 memexpand.cs.rutgers.edu sudo[85075]: pam_unix(sudo:session): session opened for user root(uid=0) by lh818(uid=0)
Apr 23 16:23:22 memexpand.cs.rutgers.edu sudo[85075]: pam_succeed_if(sudo:session): requirement "service in cron:atd" not met by user "root"
Apr 23 16:23:22 memexpand.cs.rutgers.edu audispd[4078]: type=SYSCALL msg=audit(1776975802.482:4572): arch=c000003e syscall=59 success=yes exit=0 a0=607b7a095b48 a1=607b7a0a4950 a2=607b7a0c0ff0 a3=64 items=2 ppid=85076 pid=85077 auid=1905239618 uid=0 gid=0 euid=0 suid=0 fsuid=0 egid=0 sgid=0 fsgid=0 tty=pts4 ses=2 comm="pqos" exe="/usr/sbin/pqos" subj=unconfined key="lcsr-priv-exec" ARCH=x86_64 SYSCALL=execve AUID="lh818" UID="root" GID="root" EUID="root" SUID="root" FSUID="root" EGID="root" SGID="root" FSGID="root"
Apr 23 16:23:22 memexpand.cs.rutgers.edu audispd[4078]: type=EXECVE msg=audit(1776975802.482:4572): argc=3 a0="pqos" a1="-e" a2="mba@1:9=50"
Apr 23 16:23:22 memexpand.cs.rutgers.edu sudo[85075]: pam_unix(sudo:session): session closed for user root
Apr 23 16:23:22 memexpand.cs.rutgers.edu sudo[85075]: pam_succeed_if(sudo:session): requirement "service in cron:atd" not met by user "root"
Apr 23 16:23:22 memexpand.cs.rutgers.edu audispd[4078]: type=SYSCALL msg=audit(1776975802.511:4573): arch=c000003e syscall=59 success=yes exit=0 a0=591eb1434960 a1=591eb142fbf0 a2=591eb14334f0 a3=591eb14357a0 items=2 ppid=84438 pid=85078 auid=1905239618 uid=0 gid=0 euid=0 suid=0 fsuid=0 egid=0 sgid=0 fsgid=0 tty=pts2 ses=2 comm="sudo" exe="/usr/bin/sudo" subj=unconfined key="lcsr-priv-exec" ARCH=x86_64 SYSCALL=execve AUID="lh818" UID="root" GID="root" EUID="root" SUID="root" FSUID="root" EGID="root" SGID="root" FSGID="root"
Apr 23 16:23:22 memexpand.cs.rutgers.edu audispd[4078]: type=EXECVE msg=audit(1776975802.511:4573): argc=4 a0="sudo" a1="pqos" a2="-e" a3="mba@1:10=50"
Apr 23 16:23:22 memexpand.cs.rutgers.edu audispd[4078]: type=USER_ACCT msg=audit(1776975802.521:4574): pid=85078 uid=0 auid=1905239618 ses=2 subj=unconfined msg='op=PAM:accounting grantors=pam_permit,pam_localuser acct="root" exe="/usr/bin/sudo" hostname=? addr=? terminal=/dev/pts/2 res=success' UID="root" AUID="lh818"
Apr 23 16:23:22 memexpand.cs.rutgers.edu sudo[85078]:     root : TTY=pts/2 ; PWD=/var/tmp/temp/rec ; USER=root ; COMMAND=/usr/sbin/pqos -e mba@1:10=50
Apr 23 16:23:22 memexpand.cs.rutgers.edu audispd[4078]: type=USER_CMD msg=audit(1776975802.522:4575): pid=85078 uid=0 auid=1905239618 ses=2 subj=unconfined msg='cwd="/var/tmp/temp/rec" cmd=70716F73202D65206D626140313A31303D3530 exe="/usr/bin/sudo" terminal=pts/2 res=success' UID="root" AUID="lh818"
Apr 23 16:23:22 memexpand.cs.rutgers.edu audispd[4078]: type=CRED_REFR msg=audit(1776975802.522:4576): pid=85078 uid=0 auid=1905239618 ses=2 subj=unconfined msg='op=PAM:setcred grantors=pam_permit acct="root" exe="/usr/bin/sudo" hostname=? addr=? terminal=/dev/pts/2 res=success' UID="root" AUID="lh818"
Apr 23 16:23:22 memexpand.cs.rutgers.edu sudo[85078]: pam_unix(sudo:session): session opened for user root(uid=0) by lh818(uid=0)
Apr 23 16:23:22 memexpand.cs.rutgers.edu sudo[85078]: pam_succeed_if(sudo:session): requirement "service in cron:atd" not met by user "root"
Apr 23 16:23:22 memexpand.cs.rutgers.edu audispd[4078]: type=SYSCALL msg=audit(1776975802.524:4577): arch=c000003e syscall=59 success=yes exit=0 a0=636fb0086b48 a1=636fb0095950 a2=636fb00b1ff0 a3=64 items=2 ppid=85079 pid=85080 auid=1905239618 uid=0 gid=0 euid=0 suid=0 fsuid=0 egid=0 sgid=0 fsgid=0 tty=pts4 ses=2 comm="pqos" exe="/usr/sbin/pqos" subj=unconfined key="lcsr-priv-exec" ARCH=x86_64 SYSCALL=execve AUID="lh818" UID="root" GID="root" EUID="root" SUID="root" FSUID="root" EGID="root" SGID="root" FSGID="root"
Apr 23 16:23:22 memexpand.cs.rutgers.edu audispd[4078]: type=EXECVE msg=audit(1776975802.524:4577): argc=3 a0="pqos" a1="-e" a2="mba@1:10=50"
Apr 23 16:23:22 memexpand.cs.rutgers.edu sudo[85078]: pam_unix(sudo:session): session closed for user root
Apr 23 16:23:22 memexpand.cs.rutgers.edu sudo[85078]: pam_succeed_if(sudo:session): requirement "service in cron:atd" not met by user "root"
Apr 23 16:23:22 memexpand.cs.rutgers.edu audispd[4078]: type=SYSCALL msg=audit(1776975802.554:4578): arch=c000003e syscall=59 success=yes exit=0 a0=591eb14347e0 a1=591eb142fbf0 a2=591eb14334f0 a3=591eb1435590 items=2 ppid=84438 pid=85083 auid=1905239618 uid=0 gid=0 euid=0 suid=0 fsuid=0 egid=0 sgid=0 fsgid=0 tty=pts2 ses=2 comm="sudo" exe="/usr/bin/sudo" subj=unconfined key="lcsr-priv-exec" ARCH=x86_64 SYSCALL=execve AUID="lh818" UID="root" GID="root" EUID="root" SUID="root" FSUID="root" EGID="root" SGID="root" FSGID="root"
Apr 23 16:23:22 memexpand.cs.rutgers.edu audispd[4078]: type=EXECVE msg=audit(1776975802.554:4578): argc=4 a0="sudo" a1="pqos" a2="-e" a3="mba@1:11=50"
Apr 23 16:23:22 memexpand.cs.rutgers.edu audispd[4078]: type=USER_ACCT msg=audit(1776975802.564:4579): pid=85083 uid=0 auid=1905239618 ses=2 subj=unconfined msg='op=PAM:accounting grantors=pam_permit,pam_localuser acct="root" exe="/usr/bin/sudo" hostname=? addr=? terminal=/dev/pts/2 res=success' UID="root" AUID="lh818"
Apr 23 16:23:22 memexpand.cs.rutgers.edu sudo[85083]:     root : TTY=pts/2 ; PWD=/var/tmp/temp/rec ; USER=root ; COMMAND=/usr/sbin/pqos -e mba@1:11=50
Apr 23 16:23:22 memexpand.cs.rutgers.edu audispd[4078]: type=USER_CMD msg=audit(1776975802.565:4580): pid=85083 uid=0 auid=1905239618 ses=2 subj=unconfined msg='cwd="/var/tmp/temp/rec" cmd=70716F73202D65206D626140313A31313D3530 exe="/usr/bin/sudo" terminal=pts/2 res=success' UID="root" AUID="lh818"
Apr 23 16:23:22 memexpand.cs.rutgers.edu audispd[4078]: type=CRED_REFR msg=audit(1776975802.565:4581): pid=85083 uid=0 auid=1905239618 ses=2 subj=unconfined msg='op=PAM:setcred grantors=pam_permit acct="root" exe="/usr/bin/sudo" hostname=? addr=? terminal=/dev/pts/2 res=success' UID="root" AUID="lh818"
Apr 23 16:23:22 memexpand.cs.rutgers.edu sudo[85083]: pam_unix(sudo:session): session opened for user root(uid=0) by lh818(uid=0)
Apr 23 16:23:22 memexpand.cs.rutgers.edu sudo[85083]: pam_succeed_if(sudo:session): requirement "service in cron:atd" not met by user "root"
Apr 23 16:23:22 memexpand.cs.rutgers.edu audispd[4078]: type=SYSCALL msg=audit(1776975802.568:4582): arch=c000003e syscall=59 success=yes exit=0 a0=5d038d901b48 a1=5d038d910950 a2=5d038d92cff0 a3=64 items=2 ppid=85084 pid=85085 auid=1905239618 uid=0 gid=0 euid=0 suid=0 fsuid=0 egid=0 sgid=0 fsgid=0 tty=pts4 ses=2 comm="pqos" exe="/usr/sbin/pqos" subj=unconfined key="lcsr-priv-exec" ARCH=x86_64 SYSCALL=execve AUID="lh818" UID="root" GID="root" EUID="root" SUID="root" FSUID="root" EGID="root" SGID="root" FSGID="root"
Apr 23 16:23:22 memexpand.cs.rutgers.edu audispd[4078]: type=EXECVE msg=audit(1776975802.568:4582): argc=3 a0="pqos" a1="-e" a2="mba@1:11=50"
Apr 23 16:23:22 memexpand.cs.rutgers.edu sudo[85083]: pam_unix(sudo:session): session closed for user root
Apr 23 16:23:22 memexpand.cs.rutgers.edu sudo[85083]: pam_succeed_if(sudo:session): requirement "service in cron:atd" not met by user "root"
Apr 23 16:23:22 memexpand.cs.rutgers.edu audispd[4078]: type=SYSCALL msg=audit(1776975802.599:4583): arch=c000003e syscall=59 success=yes exit=0 a0=591eb1434790 a1=591eb142fbf0 a2=591eb14334f0 a3=591eb14357a0 items=2 ppid=84438 pid=85086 auid=1905239618 uid=0 gid=0 euid=0 suid=0 fsuid=0 egid=0 sgid=0 fsgid=0 tty=pts2 ses=2 comm="sudo" exe="/usr/bin/sudo" subj=unconfined key="lcsr-priv-exec" ARCH=x86_64 SYSCALL=execve AUID="lh818" UID="root" GID="root" EUID="root" SUID="root" FSUID="root" EGID="root" SGID="root" FSGID="root"
Apr 23 16:23:22 memexpand.cs.rutgers.edu audispd[4078]: type=EXECVE msg=audit(1776975802.599:4583): argc=4 a0="sudo" a1="pqos" a2="-e" a3="mba@1:12=50"
Apr 23 16:23:22 memexpand.cs.rutgers.edu audispd[4078]: type=USER_ACCT msg=audit(1776975802.609:4584): pid=85086 uid=0 auid=1905239618 ses=2 subj=unconfined msg='op=PAM:accounting grantors=pam_permit,pam_localuser acct="root" exe="/usr/bin/sudo" hostname=? addr=? terminal=/dev/pts/2 res=success' UID="root" AUID="lh818"
Apr 23 16:23:22 memexpand.cs.rutgers.edu sudo[85086]:     root : TTY=pts/2 ; PWD=/var/tmp/temp/rec ; USER=root ; COMMAND=/usr/sbin/pqos -e mba@1:12=50
Apr 23 16:23:22 memexpand.cs.rutgers.edu audispd[4078]: type=USER_CMD msg=audit(1776975802.609:4585): pid=85086 uid=0 auid=1905239618 ses=2 subj=unconfined msg='cwd="/var/tmp/temp/rec" cmd=70716F73202D65206D626140313A31323D3530 exe="/usr/bin/sudo" terminal=pts/2 res=success' UID="root" AUID="lh818"
Apr 23 16:23:22 memexpand.cs.rutgers.edu audispd[4078]: type=CRED_REFR msg=audit(1776975802.610:4586): pid=85086 uid=0 auid=1905239618 ses=2 subj=unconfined msg='op=PAM:setcred grantors=pam_permit acct="root" exe="/usr/bin/sudo" hostname=? addr=? terminal=/dev/pts/2 res=success' UID="root" AUID="lh818"
Apr 23 16:23:22 memexpand.cs.rutgers.edu sudo[85086]: pam_unix(sudo:session): session opened for user root(uid=0) by lh818(uid=0)
Apr 23 16:23:22 memexpand.cs.rutgers.edu sudo[85086]: pam_succeed_if(sudo:session): requirement "service in cron:atd" not met by user "root"
Apr 23 16:23:22 memexpand.cs.rutgers.edu audispd[4078]: type=SYSCALL msg=audit(1776975802.612:4587): arch=c000003e syscall=59 success=yes exit=0 a0=60d08dfc2b48 a1=60d08dfd1950 a2=60d08dfedff0 a3=64 items=2 ppid=85087 pid=85088 auid=1905239618 uid=0 gid=0 euid=0 suid=0 fsuid=0 egid=0 sgid=0 fsgid=0 tty=pts4 ses=2 comm="pqos" exe="/usr/sbin/pqos" subj=unconfined key="lcsr-priv-exec" ARCH=x86_64 SYSCALL=execve AUID="lh818" UID="root" GID="root" EUID="root" SUID="root" FSUID="root" EGID="root" SGID="root" FSGID="root"
Apr 23 16:23:22 memexpand.cs.rutgers.edu audispd[4078]: type=EXECVE msg=audit(1776975802.612:4587): argc=3 a0="pqos" a1="-e" a2="mba@1:12=50"
Apr 23 16:23:22 memexpand.cs.rutgers.edu sudo[85086]: pam_unix(sudo:session): session closed for user root
Apr 23 16:23:22 memexpand.cs.rutgers.edu sudo[85086]: pam_succeed_if(sudo:session): requirement "service in cron:atd" not met by user "root"
Apr 23 16:23:22 memexpand.cs.rutgers.edu audispd[4078]: type=SYSCALL msg=audit(1776975802.643:4588): arch=c000003e syscall=59 success=yes exit=0 a0=591eb1434c00 a1=591eb142fbf0 a2=591eb14334f0 a3=591eb1435590 items=2 ppid=84438 pid=85089 auid=1905239618 uid=0 gid=0 euid=0 suid=0 fsuid=0 egid=0 sgid=0 fsgid=0 tty=pts2 ses=2 comm="sudo" exe="/usr/bin/sudo" subj=unconfined key="lcsr-priv-exec" ARCH=x86_64 SYSCALL=execve AUID="lh818" UID="root" GID="root" EUID="root" SUID="root" FSUID="root" EGID="root" SGID="root" FSGID="root"
Apr 23 16:23:22 memexpand.cs.rutgers.edu audispd[4078]: type=EXECVE msg=audit(1776975802.643:4588): argc=4 a0="sudo" a1="pqos" a2="-e" a3="mba@1:13=50"
Apr 23 16:23:22 memexpand.cs.rutgers.edu audispd[4078]: type=USER_ACCT msg=audit(1776975802.653:4589): pid=85089 uid=0 auid=1905239618 ses=2 subj=unconfined msg='op=PAM:accounting grantors=pam_permit,pam_localuser acct="root" exe="/usr/bin/sudo" hostname=? addr=? terminal=/dev/pts/2 res=success' UID="root" AUID="lh818"
Apr 23 16:23:22 memexpand.cs.rutgers.edu sudo[85089]:     root : TTY=pts/2 ; PWD=/var/tmp/temp/rec ; USER=root ; COMMAND=/usr/sbin/pqos -e mba@1:13=50
Apr 23 16:23:22 memexpand.cs.rutgers.edu audispd[4078]: type=USER_CMD msg=audit(1776975802.653:4590): pid=85089 uid=0 auid=1905239618 ses=2 subj=unconfined msg='cwd="/var/tmp/temp/rec" cmd=70716F73202D65206D626140313A31333D3530 exe="/usr/bin/sudo" terminal=pts/2 res=success' UID="root" AUID="lh818"
Apr 23 16:23:22 memexpand.cs.rutgers.edu audispd[4078]: type=CRED_REFR msg=audit(1776975802.654:4591): pid=85089 uid=0 auid=1905239618 ses=2 subj=unconfined msg='op=PAM:setcred grantors=pam_permit acct="root" exe="/usr/bin/sudo" hostname=? addr=? terminal=/dev/pts/2 res=success' UID="root" AUID="lh818"
Apr 23 16:23:22 memexpand.cs.rutgers.edu sudo[85089]: pam_unix(sudo:session): session opened for user root(uid=0) by lh818(uid=0)
Apr 23 16:23:22 memexpand.cs.rutgers.edu sudo[85089]: pam_succeed_if(sudo:session): requirement "service in cron:atd" not met by user "root"
Apr 23 16:23:22 memexpand.cs.rutgers.edu audispd[4078]: type=SYSCALL msg=audit(1776975802.656:4592): arch=c000003e syscall=59 success=yes exit=0 a0=5aca0cfe8b48 a1=5aca0cff7950 a2=5aca0d013ff0 a3=64 items=2 ppid=85090 pid=85091 auid=1905239618 uid=0 gid=0 euid=0 suid=0 fsuid=0 egid=0 sgid=0 fsgid=0 tty=pts4 ses=2 comm="pqos" exe="/usr/sbin/pqos" subj=unconfined key="lcsr-priv-exec" ARCH=x86_64 SYSCALL=execve AUID="lh818" UID="root" GID="root" EUID="root" SUID="root" FSUID="root" EGID="root" SGID="root" FSGID="root"
Apr 23 16:23:22 memexpand.cs.rutgers.edu audispd[4078]: type=EXECVE msg=audit(1776975802.656:4592): argc=3 a0="pqos" a1="-e" a2="mba@1:13=50"
Apr 23 16:23:22 memexpand.cs.rutgers.edu sudo[85089]: pam_unix(sudo:session): session closed for user root
Apr 23 16:23:22 memexpand.cs.rutgers.edu sudo[85089]: pam_succeed_if(sudo:session): requirement "service in cron:atd" not met by user "root"
Apr 23 16:23:22 memexpand.cs.rutgers.edu audispd[4078]: type=SYSCALL msg=audit(1776975802.685:4593): arch=c000003e syscall=59 success=yes exit=0 a0=591eb1435780 a1=591eb142fbf0 a2=591eb14334f0 a3=591eb14357a0 items=2 ppid=84438 pid=85092 auid=1905239618 uid=0 gid=0 euid=0 suid=0 fsuid=0 egid=0 sgid=0 fsgid=0 tty=pts2 ses=2 comm="sudo" exe="/usr/bin/sudo" subj=unconfined key="lcsr-priv-exec" ARCH=x86_64 SYSCALL=execve AUID="lh818" UID="root" GID="root" EUID="root" SUID="root" FSUID="root" EGID="root" SGID="root" FSGID="root"
Apr 23 16:23:22 memexpand.cs.rutgers.edu audispd[4078]: type=EXECVE msg=audit(1776975802.685:4593): argc=4 a0="sudo" a1="pqos" a2="-e" a3="mba@1:14=50"
Apr 23 16:23:22 memexpand.cs.rutgers.edu audispd[4078]: type=USER_ACCT msg=audit(1776975802.695:4594): pid=85092 uid=0 auid=1905239618 ses=2 subj=unconfined msg='op=PAM:accounting grantors=pam_permit,pam_localuser acct="root" exe="/usr/bin/sudo" hostname=? addr=? terminal=/dev/pts/2 res=success' UID="root" AUID="lh818"
Apr 23 16:23:22 memexpand.cs.rutgers.edu sudo[85092]:     root : TTY=pts/2 ; PWD=/var/tmp/temp/rec ; USER=root ; COMMAND=/usr/sbin/pqos -e mba@1:14=50
Apr 23 16:23:22 memexpand.cs.rutgers.edu audispd[4078]: type=USER_CMD msg=audit(1776975802.696:4595): pid=85092 uid=0 auid=1905239618 ses=2 subj=unconfined msg='cwd="/var/tmp/temp/rec" cmd=70716F73202D65206D626140313A31343D3530 exe="/usr/bin/sudo" terminal=pts/2 res=success' UID="root" AUID="lh818"
Apr 23 16:23:22 memexpand.cs.rutgers.edu audispd[4078]: type=CRED_REFR msg=audit(1776975802.696:4596): pid=85092 uid=0 auid=1905239618 ses=2 subj=unconfined msg='op=PAM:setcred grantors=pam_permit acct="root" exe="/usr/bin/sudo" hostname=? addr=? terminal=/dev/pts/2 res=success' UID="root" AUID="lh818"
Apr 23 16:23:22 memexpand.cs.rutgers.edu sudo[85092]: pam_unix(sudo:session): session opened for user root(uid=0) by lh818(uid=0)
Apr 23 16:23:22 memexpand.cs.rutgers.edu sudo[85092]: pam_succeed_if(sudo:session): requirement "service in cron:atd" not met by user "root"
Apr 23 16:23:22 memexpand.cs.rutgers.edu audispd[4078]: type=SYSCALL msg=audit(1776975802.699:4597): arch=c000003e syscall=59 success=yes exit=0 a0=5c7d93755b48 a1=5c7d93764950 a2=5c7d93780ff0 a3=64 items=2 ppid=85093 pid=85094 auid=1905239618 uid=0 gid=0 euid=0 suid=0 fsuid=0 egid=0 sgid=0 fsgid=0 tty=pts4 ses=2 comm="pqos" exe="/usr/sbin/pqos" subj=unconfined key="lcsr-priv-exec" ARCH=x86_64 SYSCALL=execve AUID="lh818" UID="root" GID="root" EUID="root" SUID="root" FSUID="root" EGID="root" SGID="root" FSGID="root"
Apr 23 16:23:22 memexpand.cs.rutgers.edu audispd[4078]: type=EXECVE msg=audit(1776975802.699:4597): argc=3 a0="pqos" a1="-e" a2="mba@1:14=50"
Apr 23 16:23:22 memexpand.cs.rutgers.edu sudo[85092]: pam_unix(sudo:session): session closed for user root
Apr 23 16:23:22 memexpand.cs.rutgers.edu sudo[85092]: pam_succeed_if(sudo:session): requirement "service in cron:atd" not met by user "root"
Apr 23 16:23:22 memexpand.cs.rutgers.edu audispd[4078]: type=SYSCALL msg=audit(1776975802.729:4598): arch=c000003e syscall=59 success=yes exit=0 a0=57d94173b9d0 a1=57d941733c60 a2=57d941732940 a3=57d941734830 items=2 ppid=69137 pid=85095 auid=1905239618 uid=0 gid=0 euid=0 suid=0 fsuid=0 egid=0 sgid=0 fsgid=0 tty=pts2 ses=2 comm="sudo" exe="/usr/bin/sudo" subj=unconfined key="lcsr-priv-exec" ARCH=x86_64 SYSCALL=execve AUID="lh818" UID="root" GID="root" EUID="root" SUID="root" FSUID="root" EGID="root" SGID="root" FSGID="root"
Apr 23 16:23:22 memexpand.cs.rutgers.edu audispd[4078]: type=EXECVE msg=audit(1776975802.729:4598): argc=3 a0="sudo" a1="pqos" a2="-s"
Apr 23 16:23:22 memexpand.cs.rutgers.edu audispd[4078]: type=USER_ACCT msg=audit(1776975802.739:4599): pid=85095 uid=0 auid=1905239618 ses=2 subj=unconfined msg='op=PAM:accounting grantors=pam_permit,pam_localuser acct="root" exe="/usr/bin/sudo" hostname=? addr=? terminal=/dev/pts/2 res=success' UID="root" AUID="lh818"
Apr 23 16:23:22 memexpand.cs.rutgers.edu sudo[85095]:     root : TTY=pts/2 ; PWD=/var/tmp/temp/rec ; USER=root ; COMMAND=/usr/sbin/pqos -s
Apr 23 16:23:22 memexpand.cs.rutgers.edu audispd[4078]: type=USER_CMD msg=audit(1776975802.739:4600): pid=85095 uid=0 auid=1905239618 ses=2 subj=unconfined msg='cwd="/var/tmp/temp/rec" cmd=70716F73202D73 exe="/usr/bin/sudo" terminal=pts/2 res=success' UID="root" AUID="lh818"
Apr 23 16:23:22 memexpand.cs.rutgers.edu audispd[4078]: type=CRED_REFR msg=audit(1776975802.740:4601): pid=85095 uid=0 auid=1905239618 ses=2 subj=unconfined msg='op=PAM:setcred grantors=pam_permit acct="root" exe="/usr/bin/sudo" hostname=? addr=? terminal=/dev/pts/2 res=success' UID="root" AUID="lh818"
Apr 23 16:23:22 memexpand.cs.rutgers.edu sudo[85095]: pam_unix(sudo:session): session opened for user root(uid=0) by lh818(uid=0)
Apr 23 16:23:22 memexpand.cs.rutgers.edu sudo[85095]: pam_succeed_if(sudo:session): requirement "service in cron:atd" not met by user "root"
Apr 23 16:23:22 memexpand.cs.rutgers.edu audispd[4078]: type=SYSCALL msg=audit(1776975802.742:4602): arch=c000003e syscall=59 success=yes exit=0 a0=5d79482b3b48 a1=5d79482c2950 a2=5d79482deff0 a3=64 items=2 ppid=85096 pid=85097 auid=1905239618 uid=0 gid=0 euid=0 suid=0 fsuid=0 egid=0 sgid=0 fsgid=0 tty=pts4 ses=2 comm="pqos" exe="/usr/sbin/pqos" subj=unconfined key="lcsr-priv-exec" ARCH=x86_64 SYSCALL=execve AUID="lh818" UID="root" GID="root" EUID="root" SUID="root" FSUID="root" EGID="root" SGID="root" FSGID="root"
Apr 23 16:23:22 memexpand.cs.rutgers.edu audispd[4078]: type=EXECVE msg=audit(1776975802.742:4602): argc=2 a0="pqos" a1="-s"
Apr 23 16:23:22 memexpand.cs.rutgers.edu sudo[85095]: pam_unix(sudo:session): session closed for user root
Apr 23 16:23:22 memexpand.cs.rutgers.edu sudo[85095]: pam_succeed_if(sudo:session): requirement "service in cron:atd" not met by user "root"
Apr 23 16:23:22 memexpand.cs.rutgers.edu audispd[4078]: type=SYSCALL msg=audit(1776975802.803:4603): arch=c000003e syscall=59 success=yes exit=0 a0=57d94173b960 a1=57d94173b230 a2=57d941732940 a3=57d94173b230 items=2 ppid=69137 pid=85109 auid=1905239618 uid=0 gid=0 euid=0 suid=0 fsuid=0 egid=0 sgid=0 fsgid=0 tty=pts2 ses=2 comm="sleep" exe="/usr/bin/sleep" subj=unconfined key="lcsr-priv-exec" ARCH=x86_64 SYSCALL=execve AUID="lh818" UID="root" GID="root" EUID="root" SUID="root" FSUID="root" EGID="root" SGID="root" FSGID="root"
Apr 23 16:23:22 memexpand.cs.rutgers.edu audispd[4078]: type=EXECVE msg=audit(1776975802.803:4603): argc=2 a0="sleep" a1="2"
Apr 23 16:23:24 memexpand.cs.rutgers.edu sudo[69123]: pam_unix(sudo:session): session closed for user root
Apr 23 16:23:24 memexpand.cs.rutgers.edu sudo[69123]: pam_succeed_if(sudo:session): requirement "service in cron:atd" not met by user "root"
Apr 23 16:23:30 memexpand.cs.rutgers.edu sudo[87593]: telegraf : PWD=/ ; USER=root ; COMMAND=/usr/bin/ipmitool sdr
Apr 23 16:23:30 memexpand.cs.rutgers.edu audispd[4078]: type=USER_ACCT msg=audit(1776975810.012:4604): pid=87593 uid=995 auid=4294967295 ses=4294967295 subj=unconfined msg='op=PAM:accounting grantors=pam_permit,pam_localuser acct="telegraf" exe="/usr/bin/sudo" hostname=? addr=? terminal=? res=success' UID="telegraf" AUID="unset"
Apr 23 16:23:30 memexpand.cs.rutgers.edu audispd[4078]: type=USER_CMD msg=audit(1776975810.012:4605): pid=87593 uid=995 auid=4294967295 ses=4294967295 subj=unconfined msg='cwd="/" cmd=2F7573722F62696E2F69706D69746F6F6C20736472 exe="/usr/bin/sudo" terminal=? res=success' UID="telegraf" AUID="unset"
Apr 23 16:23:30 memexpand.cs.rutgers.edu audispd[4078]: type=CRED_REFR msg=audit(1776975810.012:4606): pid=87593 uid=995 auid=4294967295 ses=4294967295 subj=unconfined msg='op=PAM:setcred grantors=pam_permit acct="root" exe="/usr/bin/sudo" hostname=? addr=? terminal=? res=success' UID="telegraf" AUID="unset"
Apr 23 16:23:30 memexpand.cs.rutgers.edu sudo[87593]: pam_unix(sudo:session): session opened for user root(uid=0) by (uid=995)
Apr 23 16:23:30 memexpand.cs.rutgers.edu sudo[87593]: pam_succeed_if(sudo:session): requirement "service in cron:atd" not met by user "root"
Apr 23 16:23:30 memexpand.cs.rutgers.edu sudo[87593]: pam_unix(sudo:session): session closed for user root
Apr 23 16:23:30 memexpand.cs.rutgers.edu sudo[87593]: pam_succeed_if(sudo:session): requirement "service in cron:atd" not met by user "root"
Apr 23 16:23:42 memexpand.cs.rutgers.edu audispd[4078]: type=SYSCALL msg=audit(1776975822.292:4607): arch=c000003e syscall=59 success=yes exit=0 a0=57db62ab5240 a1=57db62b0a850 a2=57db62adbea0 a3=57db62b0a850 items=2 ppid=25054 pid=91848 auid=1905239618 uid=0 gid=0 euid=0 suid=0 fsuid=0 egid=0 sgid=0 fsgid=0 tty=pts1 ses=2 comm="numactl" exe="/usr/bin/numactl" subj=unconfined key="lcsr-priv-exec" ARCH=x86_64 SYSCALL=execve AUID="lh818" UID="root" GID="root" EUID="root" SUID="root" FSUID="root" EGID="root" SGID="root" FSGID="root"
Apr 23 16:23:42 memexpand.cs.rutgers.edu audispd[4078]: type=EXECVE msg=audit(1776975822.292:4607): argc=2 a0="numactl" a1="--hardware"
Apr 23 16:23:50 memexpand.cs.rutgers.edu audispd[4078]: type=SYSCALL msg=audit(1776975830.428:4608): arch=c000003e syscall=59 success=yes exit=0 a0=57332f915070 a1=57332f9468b0 a2=57332f7e2c00 a3=8 items=2 ppid=10370 pid=94868 auid=1905239618 uid=1905239618 gid=1905239618 euid=0 suid=0 fsuid=0 egid=1905239618 sgid=1905239618 fsgid=1905239618 tty=pts3 ses=2 comm="sudo" exe="/usr/bin/sudo" subj=unconfined key="lcsr-priv-exec" ARCH=x86_64 SYSCALL=execve AUID="lh818" UID="lh818" GID="lh818" EUID="root" SUID="root" FSUID="root" EGID="lh818" SGID="lh818" FSGID="lh818"
Apr 23 16:23:50 memexpand.cs.rutgers.edu audispd[4078]: type=EXECVE msg=audit(1776975830.428:4608): argc=3 a0="sudo" a1="tee" a2="/proc/sys/vm/drop_caches"
Apr 23 16:23:53 memexpand.cs.rutgers.edu sudo[94868]: pam_unix(sudo:auth): authentication failure; logname=lh818 uid=1905239618 euid=0 tty=/dev/pts/3 ruser=lh818 rhost=  user=lh818
Apr 23 16:23:53 memexpand.cs.rutgers.edu audispd[4078]: type=SYSCALL msg=audit(1776975833.945:4609): arch=c000003e syscall=59 success=yes exit=0 a0=5cc720d263d7 a1=5cc720d33a60 a2=5cc720d33aa0 a3=1 items=3 ppid=94868 pid=96094 auid=1905239618 uid=1905239618 gid=1905239618 euid=0 suid=0 fsuid=0 egid=1905239618 sgid=1905239618 fsgid=1905239618 tty=(none) ses=2 comm="duopasswd.py" exe="/usr/bin/python3.12" subj=unconfined key="lcsr-priv-exec" ARCH=x86_64 SYSCALL=execve AUID="lh818" UID="lh818" GID="lh818" EUID="root" SUID="root" FSUID="root" EGID="lh818" SGID="lh818" FSGID="lh818"
Apr 23 16:23:53 memexpand.cs.rutgers.edu audispd[4078]: type=EXECVE msg=audit(1776975833.945:4609): argc=2 a0="/usr/bin/python3" a1="/usr/libexec/duopasswd.py"
Apr 23 16:23:54 memexpand.cs.rutgers.edu audispd[4078]: type=USER_ACCT msg=audit(1776975834.153:4610): pid=94868 uid=1905239618 auid=1905239618 ses=2 subj=unconfined msg='op=PAM:accounting grantors=pam_permit,pam_sss acct="lh818" exe="/usr/bin/sudo" hostname=? addr=? terminal=/dev/pts/3 res=success' UID="lh818" AUID="lh818"
Apr 23 16:23:54 memexpand.cs.rutgers.edu sudo[94868]:    lh818 : TTY=pts/3 ; PWD=/common/home/lh818 ; USER=root ; COMMAND=/usr/bin/tee /proc/sys/vm/drop_caches
Apr 23 16:23:54 memexpand.cs.rutgers.edu audispd[4078]: type=USER_CMD msg=audit(1776975834.153:4611): pid=94868 uid=1905239618 auid=1905239618 ses=2 subj=unconfined msg='cwd="/common/home/lh818" cmd=746565202F70726F632F7379732F766D2F64726F705F636163686573 exe="/usr/bin/sudo" terminal=pts/3 res=success' UID="lh818" AUID="lh818"
Apr 23 16:23:54 memexpand.cs.rutgers.edu audispd[4078]: type=CRED_REFR msg=audit(1776975834.154:4612): pid=94868 uid=1905239618 auid=1905239618 ses=2 subj=unconfined msg='op=PAM:setcred grantors=pam_permit acct="root" exe="/usr/bin/sudo" hostname=? addr=? terminal=/dev/pts/3 res=success' UID="lh818" AUID="lh818"
Apr 23 16:23:54 memexpand.cs.rutgers.edu sudo[94868]: pam_unix(sudo:session): session opened for user root(uid=0) by lh818(uid=1905239618)
Apr 23 16:23:54 memexpand.cs.rutgers.edu sudo[94868]: pam_succeed_if(sudo:session): requirement "service in cron:atd" not met by user "root"
Apr 23 16:23:54 memexpand.cs.rutgers.edu audispd[4078]: type=SYSCALL msg=audit(1776975834.157:4613): arch=c000003e syscall=59 success=yes exit=0 a0=5cc720cf4b48 a1=5cc720d04d10 a2=5cc720d08370 a3=64 items=2 ppid=96107 pid=96108 auid=1905239618 uid=0 gid=0 euid=0 suid=0 fsuid=0 egid=0 sgid=0 fsgid=0 tty=pts2 ses=2 comm="tee" exe="/usr/bin/tee" subj=unconfined key="lcsr-priv-exec" ARCH=x86_64 SYSCALL=execve AUID="lh818" UID="root" GID="root" EUID="root" SUID="root" FSUID="root" EGID="root" SGID="root" FSGID="root"
Apr 23 16:23:54 memexpand.cs.rutgers.edu audispd[4078]: type=EXECVE msg=audit(1776975834.157:4613): argc=2 a0="tee" a1="/proc/sys/vm/drop_caches"
Apr 23 16:23:58 memexpand.cs.rutgers.edu audispd[4078]: type=SYSCALL msg=audit(1776975838.617:4614): arch=c000003e syscall=59 success=yes exit=0 a0=57db62b0a8b0 a1=57db62b0a4c0 a2=57db62adbea0 a3=57db62b0a4c0 items=2 ppid=25054 pid=97902 auid=1905239618 uid=0 gid=0 euid=0 suid=0 fsuid=0 egid=0 sgid=0 fsgid=0 tty=pts1 ses=2 comm="numactl" exe="/usr/bin/numactl" subj=unconfined key="lcsr-priv-exec" ARCH=x86_64 SYSCALL=execve AUID="lh818" UID="root" GID="root" EUID="root" SUID="root" FSUID="root" EGID="root" SGID="root" FSGID="root"
Apr 23 16:23:58 memexpand.cs.rutgers.edu audispd[4078]: type=EXECVE msg=audit(1776975838.617:4614): argc=2 a0="numactl" a1="--hardware"
Apr 23 16:24:00 memexpand.cs.rutgers.edu sudo[98238]: telegraf : PWD=/ ; USER=root ; COMMAND=/usr/bin/ipmitool sdr
Apr 23 16:24:00 memexpand.cs.rutgers.edu audispd[4078]: type=USER_ACCT msg=audit(1776975840.021:4615): pid=98238 uid=995 auid=4294967295 ses=4294967295 subj=unconfined msg='op=PAM:accounting grantors=pam_permit,pam_localuser acct="telegraf" exe="/usr/bin/sudo" hostname=? addr=? terminal=? res=success' UID="telegraf" AUID="unset"
Apr 23 16:24:00 memexpand.cs.rutgers.edu audispd[4078]: type=USER_CMD msg=audit(1776975840.022:4616): pid=98238 uid=995 auid=4294967295 ses=4294967295 subj=unconfined msg='cwd="/" cmd=2F7573722F62696E2F69706D69746F6F6C20736472 exe="/usr/bin/sudo" terminal=? res=success' UID="telegraf" AUID="unset"
Apr 23 16:24:00 memexpand.cs.rutgers.edu audispd[4078]: type=CRED_REFR msg=audit(1776975840.022:4617): pid=98238 uid=995 auid=4294967295 ses=4294967295 subj=unconfined msg='op=PAM:setcred grantors=pam_permit acct="root" exe="/usr/bin/sudo" hostname=? addr=? terminal=? res=success' UID="telegraf" AUID="unset"
Apr 23 16:24:00 memexpand.cs.rutgers.edu sudo[98238]: pam_unix(sudo:session): session opened for user root(uid=0) by (uid=995)
Apr 23 16:24:00 memexpand.cs.rutgers.edu sudo[98238]: pam_succeed_if(sudo:session): requirement "service in cron:atd" not met by user "root"
Apr 23 16:24:00 memexpand.cs.rutgers.edu sudo[98238]: pam_unix(sudo:session): session closed for user root
Apr 23 16:24:00 memexpand.cs.rutgers.edu sudo[98238]: pam_succeed_if(sudo:session): requirement "service in cron:atd" not met by user "root"
Apr 23 16:24:01 memexpand.cs.rutgers.edu audispd[4078]: type=USER_ACCT msg=audit(1776975841.857:4618): pid=98936 uid=0 auid=4294967295 ses=4294967295 subj=unconfined msg='op=PAM:accounting grantors=pam_permit,pam_localuser acct="root" exe="/usr/sbin/cron" hostname=? addr=? terminal=cron res=success' UID="root" AUID="unset"
Apr 23 16:24:01 memexpand.cs.rutgers.edu CRON[98936]: pam_unix(cron:session): session opened for user root(uid=0) by root(uid=0)
Apr 23 16:24:01 memexpand.cs.rutgers.edu CRON[98936]: pam_succeed_if(cron:session): requirement "service in cron:atd" was met by user "root"
Apr 23 16:24:01 memexpand.cs.rutgers.edu CRON[98936]: pam_reg_cc(cron:session): registering ccname (null)
Apr 23 16:24:01 memexpand.cs.rutgers.edu CRON[98984]: (root) CMD (/usr/local/sbin/thermalwatch)
Apr 23 16:24:01 memexpand.cs.rutgers.edu audispd[4078]: type=CRED_REFR msg=audit(1776975841.906:4619): pid=98984 uid=0 auid=0 ses=8 subj=unconfined msg='op=PAM:setcred grantors=pam_permit,pam_cap acct="root" exe="/usr/sbin/cron" hostname=? addr=? terminal=cron res=success' UID="root" AUID="root"
Apr 23 16:24:02 memexpand.cs.rutgers.edu CRON[98936]: pam_unix(cron:session): session closed for user root
Apr 23 16:24:02 memexpand.cs.rutgers.edu CRON[98936]: pam_succeed_if(cron:session): requirement "service in cron:atd" was met by user "root"
Apr 23 16:24:02 memexpand.cs.rutgers.edu kernel: tee (96108): drop_caches: 3
Apr 23 16:24:02 memexpand.cs.rutgers.edu sudo[94868]: pam_unix(sudo:session): session closed for user root
Apr 23 16:24:02 memexpand.cs.rutgers.edu sudo[94868]: pam_succeed_if(sudo:session): requirement "service in cron:atd" not met by user "root"
