===== system baseline host=node0 boot_started_utc=20260422T005834Z boot_id=179612ea-2e99-4892-8219-f26f64b164e4 =====

== uname ==
Linux node0.testnode1.lsm-pg0.utah.cloudlab.us 5.15.0-168-generic #178-Ubuntu SMP Fri Jan 9 19:05:03 UTC 2026 x86_64 x86_64 x86_64 GNU/Linux

== os-release ==
PRETTY_NAME="Ubuntu 22.04.2 LTS"
NAME="Ubuntu"
VERSION_ID="22.04"
VERSION="22.04.2 LTS (Jammy Jellyfish)"
VERSION_CODENAME=jammy
ID=ubuntu
ID_LIKE=debian
HOME_URL="https://www.ubuntu.com/"
SUPPORT_URL="https://help.ubuntu.com/"
BUG_REPORT_URL="https://bugs.launchpad.net/ubuntu/"
PRIVACY_POLICY_URL="https://www.ubuntu.com/legal/terms-and-policies/privacy-policy"
UBUNTU_CODENAME=jammy

== cmdline ==
BOOT_IMAGE=/boot/vmlinuz-5.15.0-168-generic root=UUID=571337a8-0ea6-44bd-9cfc-6cb9719427c1 emulabcnet=14:58:d0:58:1f:92 ro console=ttyS0,115200

== lsblk ==
NAME         MAJ:MIN RM   SIZE RO TYPE MOUNTPOINTS
loop0          7:0    0     0B  0 loop 
loop1          7:1    0     0B  0 loop 
loop2          7:2    0     0B  0 loop 
loop3          7:3    0     0B  0 loop 
loop4          7:4    0     0B  0 loop 
loop5          7:5    0     0B  0 loop 
loop6          7:6    0     0B  0 loop 
loop7          7:7    0     0B  0 loop 
nvme0n1      259:0    0 238.5G  0 disk 
├─nvme0n1p1  259:1    0   256M  0 part /boot/efi
├─nvme0n1p2  259:2    0     1M  0 part 
├─nvme0n1p3  259:3    0    64G  0 part /
└─nvme0n1p99 259:4    0     8G  0 part [SWAP]

== df ==
Filesystem                         Type   Size  Used Avail Use% Mounted on
tmpfs                              tmpfs  6.3G  1.1M  6.3G   1% /run
/dev/nvme0n1p3                     ext3    63G  3.2G   57G   6% /
tmpfs                              tmpfs   32G     0   32G   0% /dev/shm
tmpfs                              tmpfs  5.0M     0  5.0M   0% /run/lock
/dev/nvme0n1p1                     vfat   256M   11M  246M   4% /boot/efi
ops.utah.cloudlab.us:/share        nfs     14T   25G   14T   1% /share
ops.utah.cloudlab.us:/proj/lsm-PG0 nfs    100G  2.4G   98G   3% /proj/lsm-PG0
tmpfs                              tmpfs  6.3G     0  6.3G   0% /run/user/20024

== free ==
               total        used        free      shared  buff/cache   available
Mem:            62Gi       1.2Gi        60Gi       4.0Mi       1.1Gi        60Gi
Swap:          8.0Gi          0B       8.0Gi

== ip addr ==
1: lo: <LOOPBACK,UP,LOWER_UP> mtu 65536 qdisc noqueue state UNKNOWN group default qlen 1000
    link/loopback 00:00:00:00:00:00 brd 00:00:00:00:00:00
    inet 127.0.0.1/8 scope host lo
       valid_lft forever preferred_lft forever
    inet6 ::1/128 scope host 
       valid_lft forever preferred_lft forever
2: eno1: <BROADCAST,MULTICAST,UP,LOWER_UP> mtu 1500 qdisc mq state UP group default qlen 1000
    link/ether 14:58:d0:58:1f:92 brd ff:ff:ff:ff:ff:ff
    altname enp9s0
    inet 128.110.217.163/21 metric 1024 brd 128.110.223.255 scope global eno1
       valid_lft forever preferred_lft forever
    inet6 fe80::1658:d0ff:fe58:1f92/64 scope link 
       valid_lft forever preferred_lft forever
3: eno1d1: <BROADCAST,MULTICAST> mtu 1500 qdisc noop state DOWN group default qlen 1000
    link/ether 14:58:d0:58:1f:93 brd ff:ff:ff:ff:ff:ff
    altname enp9s0d1

== ip route ==
default via 128.110.216.1 dev eno1 proto dhcp src 128.110.217.163 metric 1024 
128.110.156.4 via 128.110.216.1 dev eno1 proto dhcp src 128.110.217.163 metric 1024 
128.110.216.0/21 dev eno1 proto kernel scope link src 128.110.217.163 metric 1024 
128.110.216.1 dev eno1 proto dhcp scope link src 128.110.217.163 metric 1024 

== failed units ==
  UNIT LOAD ACTIVE SUB DESCRIPTION
0 loaded units listed.

== ps ==
    PID    PPID USER     STAT %CPU %MEM   RSS     ELAPSED COMMAND
   2583    1994 LH       Sl   11.2  0.8 591352      02:40 node
   3392       1 root     Ss    1.0  0.0  4116       00:01 bash
   2928    2583 LH       Sl    0.3  0.1 68172       01:41 node
   1931    1873 LH       Sl    0.2  0.0 25660    01:26:49 code-560a9dba96
   1994    1990 LH       Sl    0.2  0.2 159688   01:26:09 node
   2595    1994 LH       Sl    0.2  0.0 62180       02:40 node
      1       0 root     Ss    0.1  0.0 12680    01:27:46 systemd
      2       0 root     S     0.0  0.0     0    01:27:46 kthreadd
      3       2 root     I<    0.0  0.0     0    01:27:46 rcu_gp
      4       2 root     I<    0.0  0.0     0    01:27:46 rcu_par_gp
      5       2 root     I<    0.0  0.0     0    01:27:46 slub_flushwq
      6       2 root     I<    0.0  0.0     0    01:27:46 netns
      8       2 root     I<    0.0  0.0     0    01:27:46 kworker/0:0H-events_highpri
     10       2 root     I<    0.0  0.0     0    01:27:46 mm_percpu_wq
     11       2 root     S     0.0  0.0     0    01:27:46 rcu_tasks_rude_
     12       2 root     S     0.0  0.0     0    01:27:46 rcu_tasks_trace
     13       2 root     S     0.0  0.0     0    01:27:46 ksoftirqd/0
     14       2 root     I     0.0  0.0     0    01:27:46 rcu_sched
     15       2 root     S     0.0  0.0     0    01:27:46 migration/0
     16       2 root     S     0.0  0.0     0    01:27:46 idle_inject/0
     17       2 root     I     0.0  0.0     0    01:27:46 kworker/0:1-events
     18       2 root     S     0.0  0.0     0    01:27:46 cpuhp/0
     19       2 root     S     0.0  0.0     0    01:27:46 cpuhp/1
     20       2 root     S     0.0  0.0     0    01:27:46 idle_inject/1
     21       2 root     S     0.0  0.0     0    01:27:46 migration/1
     22       2 root     S     0.0  0.0     0    01:27:46 ksoftirqd/1
     24       2 root     I<    0.0  0.0     0    01:27:46 kworker/1:0H-kblockd
     25       2 root     S     0.0  0.0     0    01:27:46 cpuhp/2
     26       2 root     S     0.0  0.0     0    01:27:46 idle_inject/2
     27       2 root     S     0.0  0.0     0    01:27:46 migration/2
     28       2 root     S     0.0  0.0     0    01:27:46 ksoftirqd/2
     30       2 root     I<    0.0  0.0     0    01:27:46 kworker/2:0H-events_highpri
     31       2 root     S     0.0  0.0     0    01:27:46 cpuhp/3
     32       2 root     S     0.0  0.0     0    01:27:46 idle_inject/3
     33       2 root     S     0.0  0.0     0    01:27:46 migration/3
     34       2 root     S     0.0  0.0     0    01:27:46 ksoftirqd/3
     36       2 root     I<    0.0  0.0     0    01:27:46 kworker/3:0H-events_highpri
     37       2 root     S     0.0  0.0     0    01:27:46 cpuhp/4
     38       2 root     S     0.0  0.0     0    01:27:46 idle_inject/4
     39       2 root     S     0.0  0.0     0    01:27:46 migration/4
     40       2 root     S     0.0  0.0     0    01:27:46 ksoftirqd/4
     42       2 root     I<    0.0  0.0     0    01:27:46 kworker/4:0H-events_highpri
     43       2 root     S     0.0  0.0     0    01:27:46 cpuhp/5
     44       2 root     S     0.0  0.0     0    01:27:46 idle_inject/5
     45       2 root     S     0.0  0.0     0    01:27:46 migration/5
     46       2 root     S     0.0  0.0     0    01:27:46 ksoftirqd/5
     48       2 root     I<    0.0  0.0     0    01:27:46 kworker/5:0H-events_highpri
     49       2 root     S     0.0  0.0     0    01:27:46 cpuhp/6
     50       2 root     S     0.0  0.0     0    01:27:46 idle_inject/6
     51       2 root     S     0.0  0.0     0    01:27:46 migration/6
     52       2 root     S     0.0  0.0     0    01:27:46 ksoftirqd/6
     54       2 root     I<    0.0  0.0     0    01:27:46 kworker/6:0H-events_highpri
     55       2 root     S     0.0  0.0     0    01:27:46 cpuhp/7
     56       2 root     S     0.0  0.0     0    01:27:46 idle_inject/7
     57       2 root     S     0.0  0.0     0    01:27:46 migration/7
     58       2 root     S     0.0  0.0     0    01:27:46 ksoftirqd/7
     60       2 root     I<    0.0  0.0     0    01:27:46 kworker/7:0H-kblockd
     61       2 root     S     0.0  0.0     0    01:27:46 cpuhp/8
     62       2 root     S     0.0  0.0     0    01:27:46 idle_inject/8
     63       2 root     S     0.0  0.0     0    01:27:46 migration/8
     64       2 root     S     0.0  0.0     0    01:27:46 ksoftirqd/8
     66       2 root     I<    0.0  0.0     0    01:27:46 kworker/8:0H-kblockd
     67       2 root     S     0.0  0.0     0    01:27:46 cpuhp/9
     68       2 root     S     0.0  0.0     0    01:27:46 idle_inject/9
     69       2 root     S     0.0  0.0     0    01:27:46 migration/9
     70       2 root     S     0.0  0.0     0    01:27:46 ksoftirqd/9
     72       2 root     I<    0.0  0.0     0    01:27:46 kworker/9:0H-events_highpri
     73       2 root     S     0.0  0.0     0    01:27:46 cpuhp/10
     74       2 root     S     0.0  0.0     0    01:27:46 idle_inject/10
     75       2 root     S     0.0  0.0     0    01:27:46 migration/10
     76       2 root     S     0.0  0.0     0    01:27:46 ksoftirqd/10
     78       2 root     I<    0.0  0.0     0    01:27:46 kworker/10:0H-kblockd
     79       2 root     S     0.0  0.0     0    01:27:46 cpuhp/11
     80       2 root     S     0.0  0.0     0    01:27:46 idle_inject/11
     81       2 root     S     0.0  0.0     0    01:27:46 migration/11
     82       2 root     S     0.0  0.0     0    01:27:46 ksoftirqd/11
     84       2 root     I<    0.0  0.0     0    01:27:46 kworker/11:0H-events_highpri
     85       2 root     S     0.0  0.0     0    01:27:46 cpuhp/12
     86       2 root     S     0.0  0.0     0    01:27:46 idle_inject/12
     87       2 root     S     0.0  0.0     0    01:27:46 migration/12
     88       2 root     S     0.0  0.0     0    01:27:46 ksoftirqd/12
     90       2 root     I<    0.0  0.0     0    01:27:46 kworker/12:0H-events_highpri
     91       2 root     S     0.0  0.0     0    01:27:46 cpuhp/13
     92       2 root     S     0.0  0.0     0    01:27:46 idle_inject/13
     93       2 root     S     0.0  0.0     0    01:27:46 migration/13
     94       2 root     S     0.0  0.0     0    01:27:46 ksoftirqd/13
     96       2 root     I<    0.0  0.0     0    01:27:46 kworker/13:0H-events_highpri
     97       2 root     S     0.0  0.0     0    01:27:46 cpuhp/14
     98       2 root     S     0.0  0.0     0    01:27:46 idle_inject/14
     99       2 root     S     0.0  0.0     0    01:27:46 migration/14
    100       2 root     S     0.0  0.0     0    01:27:46 ksoftirqd/14
    102       2 root     I<    0.0  0.0     0    01:27:46 kworker/14:0H-kblockd
    103       2 root     S     0.0  0.0     0    01:27:46 cpuhp/15
    104       2 root     S     0.0  0.0     0    01:27:46 idle_inject/15
    105       2 root     S     0.0  0.0     0    01:27:46 migration/15
    106       2 root     S     0.0  0.0     0    01:27:46 ksoftirqd/15
    108       2 root     I<    0.0  0.0     0    01:27:46 kworker/15:0H-kblockd
    109       2 root     S     0.0  0.0     0    01:27:46 kdevtmpfs
    110       2 root     I<    0.0  0.0     0    01:27:46 inet_frag_wq
    111       2 root     S     0.0  0.0     0    01:27:46 kauditd
    112       2 root     S     0.0  0.0     0    01:27:46 khungtaskd
    113       2 root     S     0.0  0.0     0    01:27:46 oom_reaper
    114       2 root     I<    0.0  0.0     0    01:27:46 writeback
    115       2 root     S     0.0  0.0     0    01:27:46 kcompactd0
    116       2 root     SN    0.0  0.0     0    01:27:46 ksmd
    117       2 root     SN    0.0  0.0     0    01:27:46 khugepaged
    126       2 root     I     0.0  0.0     0    01:27:46 kworker/3:1-events
    130       2 root     I     0.0  0.0     0    01:27:46 kworker/4:1-events
    134       2 root     I     0.0  0.0     0    01:27:46 kworker/5:1-events
    149       2 root     I     0.0  0.0     0    01:27:46 kworker/7:1-events
    168       2 root     I<    0.0  0.0     0    01:27:46 kintegrityd
    169       2 root     I<    0.0  0.0     0    01:27:46 kblockd
    170       2 root     I<    0.0  0.0     0    01:27:46 blkcg_punt_bio
    171       2 root     I<    0.0  0.0     0    01:27:46 tpm_dev_wq
    172       2 root     I<    0.0  0.0     0    01:27:46 ata_sff
    173       2 root     I<    0.0  0.0     0    01:27:46 md
    174       2 root     I<    0.0  0.0     0    01:27:46 edac-poller
    175       2 root     I<    0.0  0.0     0    01:27:46 devfreq_wq
    176       2 root     S     0.0  0.0     0    01:27:46 watchdogd
    178       2 root     I<    0.0  0.0     0    01:27:45 kworker/0:1H-kblockd
    179       2 root     I     0.0  0.0     0    01:27:45 kworker/1:1-events
    180       2 root     I     0.0  0.0     0    01:27:45 kworker/8:1-events
    181       2 root     I     0.0  0.0     0    01:27:45 kworker/2:1-events
    182       2 root     I     0.0  0.0     0    01:27:45 kworker/9:1-events
    183       2 root     I     0.0  0.0     0    01:27:45 kworker/10:1-events
    184       2 root     I     0.0  0.0     0    01:27:45 kworker/11:1-mm_percpu_wq
    185       2 root     I     0.0  0.0     0    01:27:45 kworker/12:1-events
    186       2 root     I     0.0  0.0     0    01:27:45 kworker/14:1-events
    187       2 root     I     0.0  0.0     0    01:27:45 kworker/15:1-events
    188       2 root     I     0.0  0.0     0    01:27:45 kworker/13:1-mm_percpu_wq
    190       2 root     S     0.0  0.0     0    01:27:45 kswapd0
    191       2 root     S     0.0  0.0     0    01:27:45 ecryptfs-kthrea
    193       2 root     I<    0.0  0.0     0    01:27:45 kthrotld
    196       2 root     I     0.0  0.0     0    01:27:44 kworker/0:4-events_freezable
    199       2 root     I<    0.0  0.0     0    01:27:44 acpi_thermal_pm
    200       2 root     I<    0.0  0.0     0    01:27:44 vfio-irqfd-clea
    201       2 root     I<    0.0  0.0     0    01:27:43 mld
    202       2 root     I<    0.0  0.0     0    01:27:43 kworker/9:1H-kblockd
    203       2 root     I<    0.0  0.0     0    01:27:43 ipv6_addrconf
    212       2 root     I<    0.0  0.0     0    01:27:43 kstrp
    213       2 root     I     0.0  0.0     0    01:27:43 kworker/15:2-events
    216       2 root     I<    0.0  0.0     0    01:27:43 zswap-shrink
    217       2 root     I<    0.0  0.0     0    01:27:43 kworker/u33:0-xprtiod
    222       2 root     I<    0.0  0.0     0    01:27:42 charger_manager
    223       2 root     I     0.0  0.0     0    01:27:42 kworker/7:2-events
    245       2 root     I<    0.0  0.0     0    01:27:42 kworker/13:1H-kblockd
    261       2 root     I<    0.0  0.0     0    01:27:42 kworker/11:1H-kblockd
    275       2 root     I<    0.0  0.0     0    01:27:42 nvme-wq
    276       2 root     I<    0.0  0.0     0    01:27:42 nvme-reset-wq
    277       2 root     I<    0.0  0.0     0    01:27:42 nvme-delete-wq
    279       2 root     I<    0.0  0.0     0    01:27:42 kworker/3:1H-kblockd
    280       2 root     I     0.0  0.0     0    01:27:42 kworker/8:2
    281       2 root     I<    0.0  0.0     0    01:27:42 mlx4
    282       2 root     I<    0.0  0.0     0    01:27:42 mlx4_health
    284       2 root     I<    0.0  0.0     0    01:27:41 kworker/4:1H-kblockd
    285       2 root     I<    0.0  0.0     0    01:27:41 kworker/2:1H-kblockd
    288       2 root     I<    0.0  0.0     0    01:27:35 kworker/7:1H-kblockd
    289       2 root     I<    0.0  0.0     0    01:27:35 kworker/1:1H-kblockd
    290       2 root     I<    0.0  0.0     0    01:27:35 mlx4_en
    293       2 root     I     0.0  0.0     0    01:27:35 kworker/5:2-events
    295       2 root     I<    0.0  0.0     0    01:27:35 ib-comp-wq
    296       2 root     I<    0.0  0.0     0    01:27:35 ib-comp-unb-wq
    298       2 root     I<    0.0  0.0     0    01:27:35 ib_mcast
    299       2 root     I<    0.0  0.0     0    01:27:35 ib_nl_sa_wq
    304       2 root     I<    0.0  0.0     0    01:27:35 mlx4_ib
    305       2 root     I<    0.0  0.0     0    01:27:35 mlx4_ib_mcg
    317       2 root     I<    0.0  0.0     0    01:27:34 raid5wq
    323       2 root     I<    0.0  0.0     0    01:27:34 ib_mad1
    324       2 root     I<    0.0  0.0     0    01:27:34 ib_mad2
    328       2 root     I<    0.0  0.0     0    01:27:34 kworker/5:1H-kblockd
    354       2 root     S     0.0  0.0     0    01:27:34 jbd2/nvme0n1p3-
    355       2 root     I<    0.0  0.0     0    01:27:34 ext4-rsv-conver
    364       2 root     I<    0.0  0.0     0    01:27:33 kworker/6:1H-kblockd
    373       2 root     I<    0.0  0.0     0    01:27:33 kworker/8:1H-kblockd
    494       2 root     I<    0.0  0.0     0    01:27:32 kworker/15:1H-kblockd
    516       1 root     S<s   0.0  0.0 17340    01:27:30 systemd-journal
    532       2 root     I     0.0  0.0     0    01:27:30 kworker/9:2-events
    546       2 root     I<    0.0  0.0     0    01:27:29 kworker/10:1H-kblockd
    550       2 root     I<    0.0  0.0     0    01:27:29 kworker/14:1H-kblockd
    552       2 root     I     0.0  0.0     0    01:27:29 kworker/4:2-events
    555       1 root     Ss    0.0  0.0  5908    01:27:29 systemd-udevd
    585       2 root     I<    0.0  0.0     0    01:27:29 ipmi-msghandler
    592       2 root     I<    0.0  0.0     0    01:27:29 kworker/12:1H-kblockd
    681       2 root     I<    0.0  0.0     0    01:27:29 cryptd
    773       2 root     I     0.0  0.0     0    01:27:28 kworker/u32:7-flush-259:0
    774       2 root     SN    0.0  0.0     0    01:27:28 kipmi0
    777       2 root     I     0.0  0.0     0    01:27:28 kworker/3:2
    780       2 root     I     0.0  0.0     0    01:27:28 kworker/14:3-events
    786       1 _rpc     Ss    0.0  0.0  4192    01:27:28 rpcbind
    787       2 root     I<    0.0  0.0     0    01:27:28 rpciod
    788       2 root     I<    0.0  0.0     0    01:27:28 xprtiod
    791       2 root     I     0.0  0.0     0    01:27:28 kworker/6:2-events
    792       1 message+ Ss    0.0  0.0  4796    01:27:28 dbus-daemon
    798       1 root     Ssl   0.0  0.0  3896    01:27:28 irqbalance
    799       1 root     Ss    0.0  0.0 18940    01:27:28 networkd-dispat
    803       1 syslog   Ssl   0.0  0.0  5180    01:27:28 rsyslogd
    805       1 root     Ss    0.0  0.0  5392    01:27:28 smartd
    806       1 root     Ss    0.0  0.0  7400    01:27:28 systemd-logind
    808       1 root     Ss    0.0  0.0  5840    01:27:28 wpa_supplicant
    824       1 systemd+ Ss    0.0  0.0 14476    01:27:28 systemd-resolve
    842       1 ntp      Ssl   0.0  0.0  6064    01:27:27 ntpd
    844       1 root     Ss    0.0  0.0  9524    01:27:27 sshd
    865       1 root     Ss    0.0  0.0  2900    01:27:26 cron
    877       1 root     Ss+   0.0  0.0  1172    01:27:26 agetty
    885       2 root     I     0.0  0.0     0    01:27:26 kworker/12:2-rcu_gp
    886       1 root     Ss+   0.0  0.0  1176    01:27:26 agetty
    895       1 systemd+ Ss    0.0  0.0  6588    01:27:26 systemd-network
    896       2 root     I     0.0  0.0     0    01:27:26 kworker/1:2-cgroup_destroy
    959       2 root     I<    0.0  0.0     0    01:27:21 ipod_restart_qu
    960       2 root     I     0.0  0.0     0    01:27:21 kworker/11:2
   1005       1 root     Ss    0.0  0.0   212    01:27:21 slothd
   1007       1 root     Ss    0.0  0.0 12236    01:27:21 watchdog
   1031       1 root     Ss    0.0  0.0   600    01:27:21 pubsubd
   1078       2 root     I<    0.0  0.0     0    01:27:19 nfsiod
   1080       2 root     I<    0.0  0.0     0    01:27:19 kworker/u33:1-xprtiod
   1727       1 root     Ss    0.0  0.0   136    01:27:14 emulab-syncd
   1733       1 root     Ss    0.0  0.0 11108    01:27:14 rc.progagent
   1734    1733 geniuser S     0.0  0.0  5800    01:27:14 program-agent
   1782       1 root     Ss    0.0  0.0  3988    01:27:11 linktest
   1838     844 root     Ss    0.0  0.0 11208    01:26:55 sshd
   1841       1 LH       Ss    0.0  0.0  9568    01:26:51 systemd
   1842    1841 LH       S     0.0  0.0  3672    01:26:51 (sd-pam)
   1868    1838 LH       S     0.0  0.0  8952    01:26:50 sshd
   1869    1868 LH       Ss    0.0  0.0  3788    01:26:50 bash
   1873    1869 LH       S     0.0  0.0  1944    01:26:50 sh
   1990    1931 LH       S     0.0  0.0  1000    01:26:09 sh
   2043    1994 LH       Sl    0.0  0.1 73724    01:26:07 node
   2077    1931 LH       S     0.0  0.0   952    01:26:06 sh
   2160       2 root     I     0.0  0.0     0    01:21:19 kworker/2:0-mm_percpu_wq
   2161       2 root     I     0.0  0.0     0    01:21:19 kworker/10:2-events
   2355       2 root     I     0.0  0.0     0    01:06:20 kworker/6:0
   2356       2 root     I     0.0  0.0     0    01:06:16 kworker/u32:2-flush-259:0
   2561       2 root     I     0.0  0.0     0       22:07 kworker/13:0
   2564       2 root     I     0.0  0.0     0       18:38 kworker/u32:1-mlx4_en
   2578       2 root     I     0.0  0.0     0       03:00 kworker/u32:0-flush-259:0
   2579    1873 LH       S     0.0  0.0  1076       02:49 sleep
   2580       2 root     I     0.0  0.0     0       02:42 kworker/u32:3-flush-259:0
   2581       2 root     I     0.0  0.0     0       02:42 kworker/u32:4-flush-259:0
   2582       2 root     I     0.0  0.0     0       02:42 kworker/u32:5
   2646    1931 LH       S     0.0  0.0  1000       02:38 sh
   2703    2043 LH       Ss+   0.0  0.0  5740       02:24 bash
   3442    2043 LH       S     0.0  0.0   960       00:00 sh
   3443    3442 LH       S     0.0  0.0  3456       00:00 cpuUsage.sh
   3446    3443 LH       S     0.0  0.0  1104       00:00 sleep
   3466    3392 root     R     0.0  0.0  3824       00:00 ps

== thermal sysfs ==
/sys/class/thermal/thermal_zone0 type=pch_haswell temp=62000
/sys/class/thermal/thermal_zone1 type=x86_pkg_temp temp=41000
