===== syslog snapshot host=node0 boot_started_utc=20260422T005834Z boot_id=179612ea-2e99-4892-8219-f26f64b164e4 captured_utc=20260422T005953Z =====

Apr 21 17:30:58 localhost systemd[1]: logrotate.service: Deactivated successfully.
Apr 21 17:30:58 localhost systemd[1]: Finished Rotate log files.
Apr 21 17:30:58 localhost systemd-resolved[824]: Positive Trust Anchors:
Apr 21 17:30:58 localhost systemd-resolved[824]: . IN DS 20326 8 2 e06d44b80b8f1d39a95c0b0d7c65d08458e880409bbc683457104237c7f8ec8d
Apr 21 17:30:58 localhost systemd-resolved[824]: Negative trust anchors: home.arpa 10.in-addr.arpa 16.172.in-addr.arpa 17.172.in-addr.arpa 18.172.in-addr.arpa 19.172.in-addr.arpa 20.172.in-addr.arpa 21.172.in-addr.arpa 22.172.in-addr.arpa 23.172.in-addr.arpa 24.172.in-addr.arpa 25.172.in-addr.arpa 26.172.in-addr.arpa 27.172.in-addr.arpa 28.172.in-addr.arpa 29.172.in-addr.arpa 30.172.in-addr.arpa 31.172.in-addr.arpa 168.192.in-addr.arpa d.f.ip6.arpa corp home internal intranet lan local private test
Apr 21 17:30:58 localhost systemd-resolved[824]: Defaulting to hostname 'linux'.
Apr 21 17:30:58 localhost systemd[1]: Started Network Name Resolution.
Apr 21 17:30:58 localhost systemd[1]: Reached target Network.
Apr 21 17:30:58 localhost systemd[1]: Reached target Host and Network Name Lookups.
Apr 21 17:30:58 localhost systemd[1]: Starting Network Time Service...
Apr 21 17:30:58 localhost systemd[1]: Starting OpenBSD Secure Shell server...
Apr 21 17:30:58 localhost ntpd[835]: ntpd 4.2.8p15@1.3728-o Wed Feb 16 17:13:02 UTC 2022 (1): Starting
Apr 21 17:30:58 localhost ntpd[835]: Command line: /usr/sbin/ntpd -p /var/run/ntpd.pid -g -u 113:117
Apr 21 17:30:58 localhost ntpd[835]: ----------------------------------------------------
Apr 21 17:30:58 localhost ntpd[835]: ntp-4 is maintained by Network Time Foundation,
Apr 21 17:30:58 localhost ntpd[835]: Inc. (NTF), a non-profit 501(c)(3) public-benefit
Apr 21 17:30:58 localhost ntpd[835]: corporation.  Support and training for ntp-4 are
Apr 21 17:30:58 localhost ntpd[835]: available at https://www.nwtime.org/support
Apr 21 17:30:58 localhost ntpd[835]: ----------------------------------------------------
Apr 21 17:30:58 localhost ntpd[842]: proto: precision = 0.090 usec (-23)
Apr 21 17:30:58 localhost ntpd[842]: basedate set to 2022-02-04
Apr 21 17:30:58 localhost ntpd[842]: gps base set to 2022-02-06 (week 2196)
Apr 21 17:30:58 localhost ntpd[842]: Listen and drop on 0 v6wildcard [::]:123
Apr 21 17:30:58 localhost ntpd[842]: Listen and drop on 1 v4wildcard 0.0.0.0:123
Apr 21 17:30:58 localhost ntpd[842]: Listen normally on 2 lo 127.0.0.1:123
Apr 21 17:30:58 localhost ntpd[842]: Listen normally on 3 eno1 128.110.217.163:123
Apr 21 17:30:58 localhost ntpd[842]: Listen normally on 4 lo [::1]:123
Apr 21 17:30:58 localhost ntpd[842]: bind(21) AF_INET6 fe80::1658:d0ff:fe58:1f92%2#123 flags 0x11 failed: Cannot assign requested address
Apr 21 17:30:58 localhost ntpd[842]: unable to create socket on eno1 (5) for fe80::1658:d0ff:fe58:1f92%2#123
Apr 21 17:30:58 localhost ntpd[842]: failed to init interface for address fe80::1658:d0ff:fe58:1f92%2
Apr 21 17:30:58 localhost ntpd[842]: Listening on routing socket on fd #21 for interface updates
Apr 21 17:30:58 localhost ntpd[842]: kernel reports TIME_ERROR: 0x41: Clock Unsynchronized
Apr 21 17:30:58 localhost ntpd[842]: kernel reports TIME_ERROR: 0x41: Clock Unsynchronized
Apr 21 17:30:58 localhost systemd[1]: Started Network Time Service.
Apr 21 17:30:58 localhost systemd[1]: Started OpenBSD Secure Shell server.
Apr 21 17:30:59 localhost systemd-networkd[789]: eno1: Gained IPv6LL
Apr 21 17:30:59 localhost systemd[1]: Started ntp-systemd-netif.service.
Apr 21 17:30:59 localhost sh[730]: emulab-networkd[730]: found eno1 as control net
Apr 21 17:30:59 localhost systemd[1]: Finished Wait for Network to be Configured.
Apr 21 17:30:59 localhost systemd[1]: ntp-systemd-netif.service: Deactivated successfully.
Apr 21 17:30:59 localhost systemd[1]: Reached target Network is Online.
Apr 21 17:30:59 localhost systemd[1]: Condition check resulted in Login to default iSCSI targets being skipped.
Apr 21 17:30:59 localhost systemd[1]: Reached target Preparation for Remote File Systems.
Apr 21 17:30:59 localhost systemd[1]: Reached target Remote File Systems.
Apr 21 17:30:59 localhost systemd[1]: Finished Availability of block devices.
Apr 21 17:30:59 localhost systemd[1]: Started Regular background program processing daemon.
Apr 21 17:30:59 localhost cron[865]: (CRON) INFO (pidfile fd = 3)
Apr 21 17:30:59 localhost cron[865]: (CRON) INFO (Running @reboot jobs)
Apr 21 17:30:59 localhost systemd[1]: Starting The Emulab publish/subscribe daemon...
Apr 21 17:30:59 localhost systemd[1]: Starting Notify NFS peers of a restart...
Apr 21 17:30:59 localhost sm-notify[868]: Version 2.6.1 starting
Apr 21 17:30:59 localhost systemd[1]: Starting Permit User Sessions...
Apr 21 17:30:59 localhost systemd[1]: Starting Testbed Services...
Apr 21 17:30:59 localhost systemd[1]: Condition check resulted in Ubuntu Pro Background Auto Attach being skipped.
Apr 21 17:30:59 localhost systemd[1]: Started The Emulab publish/subscribe daemon.
Apr 21 17:30:59 localhost systemd[1]: Started Notify NFS peers of a restart.
Apr 21 17:30:59 localhost systemd[1]: Finished Permit User Sessions.
Apr 21 17:30:59 localhost systemd[1]: Condition check resulted in OpenVSwitch configuration for cleanup being skipped.
Apr 21 17:30:59 localhost systemd[1]: Started Serial Getty on ttyS0.
Apr 21 17:30:59 localhost systemd[1]: Starting Set console scheme...
Apr 21 17:30:59 localhost systemd[1]: systemd-networkd-wait-online.service: Deactivated successfully.
Apr 21 17:30:59 localhost systemd[1]: Stopped Wait for Network to be Configured.
Apr 21 17:30:59 localhost systemd[1]: Stopping Wait for Network to be Configured...
Apr 21 17:30:59 localhost systemd[1]: Stopping Network Configuration...
Apr 21 17:30:59 localhost systemd[1]: Finished Set console scheme.
Apr 21 17:30:59 localhost systemd[1]: Created slice Slice /system/getty.
Apr 21 17:30:59 localhost systemd-networkd[789]: eno1: DHCPv6 lease lost
Apr 21 17:30:59 localhost systemd-resolved[824]: eno1: Failed to read DNSSEC negative trust anchors for the interface, ignoring: No data available
Apr 21 17:30:59 localhost systemd[1]: Started Getty on tty1.
Apr 21 17:30:59 localhost systemd[1]: Reached target Login Prompts.
Apr 21 17:30:59 localhost systemd[1]: systemd-networkd.service: Deactivated successfully.
Apr 21 17:30:59 localhost systemd[1]: Stopped Network Configuration.
Apr 21 17:30:59 localhost sh[870]: testbed config:
Apr 21 17:30:59 localhost sh[884]: Checking manifest...
Apr 21 17:30:59 localhost systemd[1]: Starting Force udev to settle before systemd-networkd starts...
Apr 21 17:30:59 localhost sh[887]: Waiting for udev to settle...
Apr 21 17:30:59 localhost systemd[1]: Started ntp-systemd-netif.service.
Apr 21 17:30:59 localhost sh[894]: /run/systemd/network/eno1.network 158 8 81a4 0 0 19 703 1 0 0 1776814257 1776814259 1776814259 0 4096
Apr 21 17:30:59 localhost systemd[1]: emulab-udev-settle-networkd.service: Deactivated successfully.
Apr 21 17:30:59 localhost systemd[1]: Finished Force udev to settle before systemd-networkd starts.
Apr 21 17:30:59 localhost systemd[1]: ntp-systemd-netif.service: Deactivated successfully.
Apr 21 17:30:59 localhost systemd[1]: Starting Network Configuration...
Apr 21 17:30:59 localhost systemd-networkd[895]: eno1: Link UP
Apr 21 17:30:59 localhost systemd-networkd[895]: eno1: Gained carrier
Apr 21 17:30:59 localhost systemd-networkd[895]: lo: Link UP
Apr 21 17:30:59 localhost systemd-networkd[895]: lo: Gained carrier
Apr 21 17:30:59 localhost systemd-networkd[895]: eno1: Gained IPv6LL
Apr 21 17:30:59 localhost systemd-networkd[895]: Enumeration completed
Apr 21 17:30:59 localhost systemd[1]: Started Network Configuration.
Apr 21 17:30:59 localhost systemd[1]: Starting Wait for Network to be Configured...
Apr 21 17:30:59 localhost systemd[1]: systemd-networkd-wait-online.service: Deactivated successfully.
Apr 21 17:30:59 localhost systemd[1]: Stopped Wait for Network to be Configured.
Apr 21 17:30:59 localhost systemd[1]: Starting Wait for Network to be Configured...
Apr 21 17:30:59 localhost systemd-networkd[895]: eno1: DHCPv4 address 128.110.217.163/21 via 128.110.216.1
Apr 21 17:30:59 localhost systemd[1]: Finished Wait for Network to be Configured.
Apr 21 17:30:59 localhost systemd-resolved[824]: System hostname changed to 'ms1103'.
Apr 21 17:30:59 localhost systemd[1]: Started ntp-systemd-netif.service.
Apr 21 17:30:59 localhost systemd[1]: ntp-systemd-netif.service: Deactivated successfully.
Apr 21 17:30:59 localhost systemd-resolved[824]: System hostname changed to 'node0.testnode1.lsm-pg0.utah.cloudlab.us'.
Apr 21 17:30:59 localhost systemd[1]: emulab-networkd@eno1.service: Deactivated successfully.
Apr 21 17:31:01 localhost ntpd[842]: Listen normally on 6 eno1 [fe80::1658:d0ff:fe58:1f92%2]:123
Apr 21 17:31:01 localhost ntpd[842]: new interface(s) found: waking up resolver
Apr 21 17:31:02 localhost kernel: [   23.628866] fbcon: Taking over console
Apr 21 17:31:02 localhost kernel: [   23.630357] mgag200 0000:01:00.1: [drm] drm_plane_enable_fb_damage_clips() not called
Apr 21 17:31:02 localhost kernel: [   23.775614] Console: switching to colour frame buffer device 128x48
Apr 21 17:31:04 localhost sh[884]: Running os dependent initialization script rc.linux
Apr 21 17:31:04 localhost sh[884]: Informing Emulab Control that we have rebooted
Apr 21 17:31:04 localhost sh[884]: Checking Testbed reservation status
Apr 21 17:31:04 localhost sh[884]: Cleaning node; removing configuration files
Apr 21 17:31:04 localhost sh[884]:   Allocated! lsm-PG0/Testnode1/node0
Apr 21 17:31:04 localhost sh[884]: Setting up for SFS ...
Apr 21 17:31:04 localhost sh[884]: Setting up Ping of Death
Apr 21 17:31:04 localhost kernel: [   25.356922] ipod: loading out-of-tree module taints kernel.
Apr 21 17:31:04 localhost kernel: [   25.356965] ipod: module verification failed: signature and/or required key missing - tainting kernel
Apr 21 17:31:04 localhost kernel: [   25.357245] initializing IPOD
Apr 21 17:31:04 localhost sh[884]: Authenticated IPOD enabled from 128.110.156.4/255.255.255.255
Apr 21 17:31:04 localhost sh[884]: Starting node health monitoring daemon
Apr 21 17:31:04 localhost sh[884]: WARNING: health mointoring not supported on nodetype m510
Apr 21 17:31:04 localhost sh[884]: Starting slothd usage detector
Apr 21 17:31:04 localhost sh[884]: Starting testbed update watchdog
Apr 21 17:31:04 localhost sh[884]: Restarting pubsubd...
Apr 21 17:31:04 localhost systemd[1]: Stopping The Emulab publish/subscribe daemon...
Apr 21 17:31:04 localhost systemd[1]: pubsubd.service: Deactivated successfully.
Apr 21 17:31:04 localhost systemd[1]: Stopped The Emulab publish/subscribe daemon.
Apr 21 17:31:04 localhost systemd[1]: Starting The Emulab publish/subscribe daemon...
Apr 21 17:31:04 localhost systemd[1]: Started The Emulab publish/subscribe daemon.
Apr 21 17:31:04 localhost sh[884]: Running config scripts
Apr 21 17:31:05 localhost sh[884]: Checking manifest...
Apr 21 17:31:05 localhost sh[884]: Checking Testbed localization configuration ...
Apr 21 17:31:05 localhost sh[884]: Checking Testbed keys ...
Apr 21 17:31:05 localhost sh[884]: Checking Testbed local storage configuration ...
Apr 21 17:31:05 localhost sh[884]:   Checking 'disk0'...
Apr 21 17:31:05 localhost sh[884]:   disk0: local disk at /dev/nvme0n1, exists
Apr 21 17:31:06 localhost sh[884]: Mounting project and home directories ...
Apr 21 17:31:06 localhost sh[884]:   Mount type is NFS (using TCP transport)
Apr 21 17:31:06 localhost sh[884]:   Mounting ops.utah.cloudlab.us:/share on /share
Apr 21 17:31:06 localhost kernel: [   27.006322] FS-Cache: Loaded
Apr 21 17:31:06 localhost kernel: [   27.042742] FS-Cache: Netfs 'nfs' registered for caching
Apr 21 17:31:06 localhost sh[884]:   Mounting ops.utah.cloudlab.us:/proj/lsm-PG0 on /proj/lsm-PG0
Apr 21 17:31:06 localhost sh[884]: Checking Testbed Blobs configuration ...
Apr 21 17:31:06 localhost sh[884]: Checking Testbed user accounts configuration ...
Apr 21 17:31:06 localhost sh[884]: Adding group: lsm-PG0/2639
Apr 21 17:31:06 localhost sh[884]: Adding: rd/20009/2639/0/rd//users/rd/
Apr 21 17:31:06 localhost sh[884]: updating local home directory
Apr 21 17:31:06 localhost sh[884]: Adding: shaleen/20004/2639/1/shaleen//users/shaleen/
Apr 21 17:31:06 localhost sh[884]: updating local home directory
Apr 21 17:31:06 localhost sh[884]: Adding: sjr204/20014/2639/0/sjr204//users/sjr204/
Apr 21 17:31:06 localhost sh[884]: updating local home directory
Apr 21 17:31:06 localhost sh[884]: Adding: acardoza/20006/2639/1/acardoza//users/acardoza/
Apr 21 17:31:06 localhost sh[884]: updating local home directory
Apr 21 17:31:06 localhost sh[884]: Adding: Jin/20016/2639/0/Jin//users/Jin/
Apr 21 17:31:06 localhost sh[884]: updating local home directory
Apr 21 17:31:06 localhost sh[884]: Adding: Jian123/20005/2639/1/Jian123//users/Jian123/
Apr 21 17:31:07 localhost sh[884]: updating local home directory
Apr 21 17:31:07 localhost sh[884]: Adding: dk844/20011/2639/0/dk844//users/dk844/
Apr 21 17:31:07 localhost sh[884]: updating local home directory
Apr 21 17:31:07 localhost sh[884]: Adding: skafle/20018/2639/0/skafle//users/skafle/
Apr 21 17:31:07 localhost sh[884]: updating local home directory
Apr 21 17:31:07 localhost sh[884]: Adding: al1168/20013/2639/0/al1168//users/al1168/
Apr 21 17:31:07 localhost sh[884]: updating local home directory
Apr 21 17:31:07 localhost sh[884]: Adding: mpatel/20034/2639/1/mpatel//users/mpatel/
Apr 21 17:31:07 localhost sh[884]: updating local home directory
Apr 21 17:31:07 localhost sh[884]: Adding: etwest/20023/2639/0/etwest//users/etwest/
Apr 21 17:31:07 localhost sh[884]: updating local home directory
Apr 21 17:31:07 localhost sh[884]: Adding: Carl/20017/2639/0/Carl//users/Carl/
Apr 21 17:31:07 localhost sh[884]: updating local home directory
Apr 21 17:31:07 localhost sh[884]: Adding: mt1370/20027/2639/1/mt1370//users/mt1370/
Apr 21 17:31:07 localhost sh[884]: updating local home directory
Apr 21 17:31:07 localhost systemd[1]: dmesg.service: Deactivated successfully.
Apr 21 17:31:07 localhost sh[884]: Adding: VedaY/20029/2639/1/VedaY//users/VedaY/
Apr 21 17:31:07 localhost sh[884]: updating local home directory
Apr 21 17:31:07 localhost sh[884]: Adding: mosherif/20012/2639/0/mosherif//users/mosherif/
Apr 21 17:31:07 localhost sh[884]: updating local home directory
Apr 21 17:31:08 localhost sh[884]: Adding: sumandas/20031/2639/1/sumandas//users/sumandas/
Apr 21 17:31:08 localhost sh[884]: updating local home directory
Apr 21 17:31:08 localhost sh[884]: Adding: lht21/20025/2639/1/lht21//users/lht21/
Apr 21 17:31:08 localhost sh[884]: updating local home directory
Apr 21 17:31:08 localhost sh[884]: Adding: PaulJ/20021/2639/0/PaulJ//users/PaulJ/
Apr 21 17:31:08 localhost sh[884]: updating local home directory
Apr 21 17:31:08 localhost sh[884]: Adding: kkanda/20015/2639/0/kkanda//users/kkanda/
Apr 21 17:31:08 localhost sh[884]: updating local home directory
Apr 21 17:31:08 localhost sh[884]: Adding: kannan11/20001/2639/1/kannan11//users/kannan11/
Apr 21 17:31:08 localhost sh[884]: updating local home directory
Apr 21 17:31:08 localhost sh[884]: Adding: mljwbxy/20026/2639/1/mljwbxy//users/mljwbxy/
Apr 21 17:31:08 localhost sh[884]: updating local home directory
Apr 21 17:31:08 localhost sh[884]: Adding: djd240/20002/2639/1/djd240//users/djd240/
Apr 21 17:31:08 localhost sh[884]: updating local home directory
Apr 21 17:31:08 localhost sh[884]: Adding: ingerido/20003/2639/1/ingerido//users/ingerido/
Apr 21 17:31:08 localhost sh[884]: updating local home directory
Apr 21 17:31:08 localhost sh[884]: Adding: AbraGale/20020/2639/0/AbraGale//users/AbraGale/
Apr 21 17:31:08 localhost sh[884]: updating local home directory
Apr 21 17:31:08 localhost sh[884]: Adding: Krish194/20019/2639/1/Krish194//users/Krish194/
Apr 21 17:31:09 localhost sh[884]: updating local home directory
Apr 21 17:31:09 localhost sh[884]: Adding: rubensoh/20032/2639/1/rubensoh//users/rubensoh/
Apr 21 17:31:09 localhost sh[884]: updating local home directory
Apr 21 17:31:09 localhost sh[884]: Adding: dsc133/20010/2639/0/dsc133//users/dsc133/
Apr 21 17:31:09 localhost sh[884]: updating local home directory
Apr 21 17:31:09 localhost sh[884]: Adding: Sreeram/20007/2639/0/Sreeram//users/Sreeram/
Apr 21 17:31:19 localhost systemd-resolved[824]: Clock change detected. Flushing caches.
Apr 21 17:31:19 localhost sh[884]: updating local home directory
Apr 21 17:31:19 localhost sh[884]: Adding: rohith25/20030/2639/1/rohith25//users/rohith25/
Apr 21 17:31:19 localhost sh[884]: updating local home directory
Apr 21 17:31:19 localhost sh[884]: Adding: hl1276/20028/2639/1/hl1276//users/hl1276/
Apr 21 17:31:19 localhost sh[884]: updating local home directory
Apr 21 17:31:19 localhost sh[884]: Adding: geniuser/2002/2639/1/Geni User//users/geniuser/
Apr 21 17:31:19 localhost sh[884]: updating local home directory
Apr 21 17:31:19 localhost sh[884]: Adding: Adam7288/20008/2639/0/Adam7288//users/Adam7288/
Apr 21 17:31:19 localhost sh[884]: updating local home directory
Apr 21 17:31:19 localhost sh[884]: Adding: kamo/20022/2639/0/kamo//users/kamo/
Apr 21 17:31:19 localhost sh[884]: updating local home directory
Apr 21 17:31:19 localhost sh[884]: Adding: escalate/20033/2639/1/escalate//users/escalate/
Apr 21 17:31:19 localhost sh[884]: updating local home directory
Apr 21 17:31:19 localhost sh[884]: Adding: LH/20024/2639/1/LH//users/LH/
Apr 21 17:31:19 localhost sh[884]: updating local home directory
Apr 21 17:31:19 localhost sh[884]: Checking Testbed route configuration ...
Apr 21 17:31:19 localhost sh[884]: net.ipv4.conf.all.forwarding = 1
Apr 21 17:31:20 localhost sh[884]: Checking Testbed tunnel configuration ...
Apr 21 17:31:20 localhost sh[884]: Checking Testbed interface configuration ...
Apr 21 17:31:20 localhost sh[884]: Checking Testbed hostnames configuration ...
Apr 21 17:31:20 localhost sh[884]: Checking Testbed remote storage configuration ...
Apr 21 17:31:20 localhost sh[884]: Checking Testbed trace configuration ...
Apr 21 17:31:20 localhost sh[884]: Checking Testbed trafgen configuration ...
Apr 21 17:31:20 localhost sh[884]: Checking Testbed Tarball configuration ...
Apr 21 17:31:21 localhost sh[884]: Checking Testbed RPM configuration ...
Apr 21 17:31:23 localhost sh[884]: Checking Testbed tiptunnel configuration ...
Apr 21 17:31:23 localhost sh[884]: Starting linktest daemon
Apr 21 17:31:24 localhost sh[884]: Informing Emulab Control that we are up and running
Apr 21 17:31:24 localhost sh[884]: Checking Testbed Experiment Startup Command ...
Apr 21 17:31:24 localhost sh[884]: Booting up vnodes
Apr 21 17:31:24 localhost sh[884]: Booting up subnodes
Apr 21 17:31:24 localhost sh[884]: No subnodes. Exiting gracefully ...
Apr 21 17:31:24 localhost systemd[1]: Finished Testbed Services.
Apr 21 17:31:24 localhost systemd[1]: Reached target Multi-User System.
Apr 21 17:31:24 localhost systemd[1]: Reached target Graphical Interface.
Apr 21 17:31:24 localhost systemd[1]: Starting Record Runlevel Change in UTMP...
Apr 21 17:31:24 localhost systemd[1]: systemd-update-utmp-runlevel.service: Deactivated successfully.
Apr 21 17:31:24 localhost systemd[1]: Finished Record Runlevel Change in UTMP.
Apr 21 17:31:24 localhost systemd[1]: Startup finished in 13.156s (kernel) + 22.351s (userspace) = 35.507s.
Apr 21 17:31:26 localhost systemd[1]: emulab-networkd@eno1d1.service: Deactivated successfully.
Apr 21 17:31:33 localhost rsyslogd: [origin software="rsyslogd" swVersion="8.2112.0" x-pid="803" x-info="https://www.rsyslog.com"] rsyslogd was HUPed
Apr 21 17:31:33 localhost rsyslogd: action 'action-2-builtin:omfwd' resumed (module 'builtin:omfwd') [v8.2112.0 try https://www.rsyslog.com/e/2359 ]
Apr 21 17:31:33 localhost systemd[1]: Created slice User Slice of UID 0.
Apr 21 17:31:33 localhost systemd[1]: Starting User Runtime Directory /run/user/0...
Apr 21 17:31:33 localhost systemd[1]: Finished User Runtime Directory /run/user/0.
Apr 21 17:31:33 localhost systemd[1]: Starting User Manager for UID 0...
Apr 21 17:31:33 localhost systemd[1797]: Queued start job for default target Main User Target.
Apr 21 17:31:33 localhost systemd[1797]: Created slice User Application Slice.
Apr 21 17:31:33 localhost systemd[1797]: Reached target Paths.
Apr 21 17:31:33 localhost systemd[1797]: Reached target Timers.
Apr 21 17:31:33 localhost systemd[1797]: Starting D-Bus User Message Bus Socket...
Apr 21 17:31:33 localhost systemd[1797]: Listening on GnuPG network certificate management daemon.
Apr 21 17:31:33 localhost systemd[1797]: Listening on GnuPG cryptographic agent and passphrase cache (access for web browsers).
Apr 21 17:31:33 localhost systemd[1797]: Listening on GnuPG cryptographic agent and passphrase cache (restricted).
Apr 21 17:31:33 localhost systemd[1797]: Listening on GnuPG cryptographic agent (ssh-agent emulation).
Apr 21 17:31:33 localhost systemd[1797]: Listening on GnuPG cryptographic agent and passphrase cache.
Apr 21 17:31:33 localhost systemd[1797]: Listening on debconf communication socket.
Apr 21 17:31:33 localhost systemd[1797]: Listening on D-Bus User Message Bus Socket.
Apr 21 17:31:33 localhost systemd[1797]: Reached target Sockets.
Apr 21 17:31:33 localhost systemd[1797]: Reached target Basic System.
Apr 21 17:31:33 localhost systemd[1797]: Reached target Main User Target.
Apr 21 17:31:33 localhost systemd[1797]: Startup finished in 120ms.
Apr 21 17:31:33 localhost systemd[1]: Started User Manager for UID 0.
Apr 21 17:31:33 localhost systemd[1]: Started Session 1 of User root.
Apr 21 17:31:34 localhost systemd[1]: session-1.scope: Deactivated successfully.
Apr 21 17:31:36 localhost systemd[1]: systemd-fsckd.service: Deactivated successfully.
Apr 21 17:31:36 localhost systemd[1]: Starting Online ext4 Metadata Check for All Filesystems...
Apr 21 17:31:36 localhost systemd[1]: e2scrub_all.service: Deactivated successfully.
Apr 21 17:31:36 localhost systemd[1]: Finished Online ext4 Metadata Check for All Filesystems.
Apr 21 17:31:44 localhost systemd[1]: Created slice User Slice of UID 20024.
Apr 21 17:31:44 localhost systemd[1]: Starting User Runtime Directory /run/user/20024...
Apr 21 17:31:44 localhost systemd[1]: Finished User Runtime Directory /run/user/20024.
Apr 21 17:31:44 localhost systemd[1]: Starting User Manager for UID 20024...
Apr 21 17:31:44 localhost systemd[1841]: Queued start job for default target Main User Target.
Apr 21 17:31:44 localhost systemd[1841]: Created slice User Application Slice.
Apr 21 17:31:44 localhost systemd[1841]: Reached target Paths.
Apr 21 17:31:44 localhost systemd[1841]: Reached target Timers.
Apr 21 17:31:44 localhost systemd[1841]: Starting D-Bus User Message Bus Socket...
Apr 21 17:31:44 localhost systemd[1841]: Listening on GnuPG network certificate management daemon.
Apr 21 17:31:44 localhost systemd[1841]: Listening on GnuPG cryptographic agent and passphrase cache (access for web browsers).
Apr 21 17:31:44 localhost systemd[1841]: Listening on GnuPG cryptographic agent and passphrase cache (restricted).
Apr 21 17:31:44 localhost systemd[1841]: Listening on GnuPG cryptographic agent (ssh-agent emulation).
Apr 21 17:31:44 localhost systemd[1841]: Listening on GnuPG cryptographic agent and passphrase cache.
Apr 21 17:31:44 localhost systemd[1841]: Listening on debconf communication socket.
Apr 21 17:31:44 localhost systemd[1841]: Listening on D-Bus User Message Bus Socket.
Apr 21 17:31:44 localhost systemd[1841]: Reached target Sockets.
Apr 21 17:31:44 localhost systemd[1841]: Reached target Basic System.
Apr 21 17:31:44 localhost systemd[1841]: Reached target Main User Target.
Apr 21 17:31:44 localhost systemd[1841]: Startup finished in 158ms.
Apr 21 17:31:44 localhost systemd[1]: Started User Manager for UID 20024.
Apr 21 17:31:44 localhost systemd[1]: Started Session 3 of User LH.
Apr 21 17:31:45 localhost systemd[1]: Stopping User Manager for UID 0...
Apr 21 17:31:45 localhost systemd[1797]: Stopped target Main User Target.
Apr 21 17:31:45 localhost systemd[1797]: Stopped target Basic System.
Apr 21 17:31:45 localhost systemd[1797]: Stopped target Paths.
Apr 21 17:31:45 localhost systemd[1797]: Stopped target Sockets.
Apr 21 17:31:45 localhost systemd[1797]: Stopped target Timers.
Apr 21 17:31:45 localhost systemd[1797]: Closed D-Bus User Message Bus Socket.
Apr 21 17:31:45 localhost systemd[1797]: Closed GnuPG network certificate management daemon.
Apr 21 17:31:45 localhost systemd[1797]: Closed GnuPG cryptographic agent and passphrase cache (access for web browsers).
Apr 21 17:31:45 localhost systemd[1797]: Closed GnuPG cryptographic agent and passphrase cache (restricted).
Apr 21 17:31:45 localhost systemd[1797]: Closed GnuPG cryptographic agent (ssh-agent emulation).
Apr 21 17:31:45 localhost systemd[1797]: Closed GnuPG cryptographic agent and passphrase cache.
Apr 21 17:31:45 localhost systemd[1797]: Closed debconf communication socket.
Apr 21 17:31:45 localhost systemd[1797]: Removed slice User Application Slice.
Apr 21 17:31:45 localhost systemd[1797]: Reached target Shutdown.
Apr 21 17:31:45 localhost systemd[1797]: Finished Exit the Session.
Apr 21 17:31:45 localhost systemd[1797]: Reached target Exit the Session.
Apr 21 17:31:45 localhost systemd[1]: user@0.service: Deactivated successfully.
Apr 21 17:31:45 localhost systemd[1]: Stopped User Manager for UID 0.
Apr 21 17:31:45 localhost systemd[1]: Stopping User Runtime Directory /run/user/0...
Apr 21 17:31:45 localhost systemd[1]: run-user-0.mount: Deactivated successfully.
Apr 21 17:31:45 localhost systemd[1]: user-runtime-dir@0.service: Deactivated successfully.
Apr 21 17:31:45 localhost systemd[1]: Stopped User Runtime Directory /run/user/0.
Apr 21 17:31:45 localhost systemd[1]: Removed slice User Slice of UID 0.
Apr 21 17:32:31 localhost vsce-sign: Package file size:  20335656
Apr 21 17:32:31 localhost vsce-sign: Signature archive file size:  15928
Apr 21 17:32:32 localhost vsce-sign: Manifest file size:  16701
Apr 21 17:32:32 localhost vsce-sign: Signature file size:  19347
Apr 21 17:32:32 localhost vsce-sign: ManifestPackageIntegrityPolicy succeeded.
Apr 21 17:32:32 localhost vsce-sign: SignatureIntegrityPolicy for primary signature succeeded.
Apr 21 17:32:32 localhost vsce-sign: SignatureValidityPolicy for primary signature succeeded.
Apr 21 17:32:32 localhost vsce-sign: SignatureIntegrityPolicy for primary timestamp signature succeeded.
Apr 21 17:32:32 localhost vsce-sign: SignatureValidityPolicy for primary timestamp signature succeeded.
Apr 21 17:32:32 localhost vsce-sign: X.509 certificate chain validation will use the fallback certificate bundle for timestamping.
Apr 21 17:32:34 localhost vsce-sign: SignatureTrustPolicy for publisher primary signature timestamp signature succeeded.
Apr 21 17:32:34 localhost vsce-sign: X.509 certificate chain validation will use the fallback certificate bundle for code signing.
Apr 21 17:32:34 localhost vsce-sign: SignatureTrustPolicy for publisher primary signature succeeded.
Apr 21 17:32:34 localhost vsce-sign: SignatureIntegrityPolicy for repository countersignature succeeded.
Apr 21 17:32:34 localhost vsce-sign: SignatureValidityPolicy for repository countersignature succeeded.
Apr 21 17:32:34 localhost vsce-sign: SignatureIntegrityPolicy for repository countersignature timestamp signature succeeded.
Apr 21 17:32:34 localhost vsce-sign: SignatureValidityPolicy for repository countersignature timestamp signature succeeded.
Apr 21 17:32:34 localhost vsce-sign: SignatureTrustPolicy for repository countersignature timestamp signature succeeded.
Apr 21 17:32:34 localhost vsce-sign: SignatureTrustPolicy for repository countersignature succeeded.
Apr 21 17:32:34 localhost vsce-sign: RepositoryCountersignaturePolicy for repository countersignature succeeded with OK.
Apr 21 17:32:34 localhost vsce-sign: Primary signature type:  publisher primary signature
Apr 21 17:32:34 localhost vsce-sign: Primary signature status:  OK
Apr 21 17:32:34 localhost vsce-sign: Timestamp signature status:  OK
Apr 21 17:32:34 localhost vsce-sign: Repository countersignature status:  OK
Apr 21 17:32:34 localhost vsce-sign: Repository countersignature timestamp status:  OK
Apr 21 17:32:34 localhost vsce-sign: Exit code:  Success
Apr 21 17:37:14 localhost systemd[1]: Starting Discard unused blocks on filesystems from /etc/fstab...
Apr 21 17:37:16 localhost fstrim[2159]: /boot/efi: 245.6 MiB (257544192 bytes) trimmed on /dev/disk/by-partlabel/EFI\x20System
Apr 21 17:37:16 localhost fstrim[2159]: /: 59.3 GiB (63637114880 bytes) trimmed on /dev/disk/by-uuid/571337a8-0ea6-44bd-9cfc-6cb9719427c1
Apr 21 17:37:16 localhost systemd[1]: fstrim.service: Deactivated successfully.
Apr 21 17:37:16 localhost systemd[1]: Finished Discard unused blocks on filesystems from /etc/fstab.
Apr 21 17:45:59 localhost systemd[1]: Starting Cleanup of Temporary Directories...
Apr 21 17:45:59 localhost systemd[1]: systemd-tmpfiles-clean.service: Deactivated successfully.
Apr 21 17:45:59 localhost systemd[1]: Finished Cleanup of Temporary Directories.
Apr 21 17:52:14 localhost systemd[1]: Starting Daily apt upgrade and clean activities...
Apr 21 17:52:14 localhost systemd[1]: apt-daily-upgrade.service: Deactivated successfully.
Apr 21 17:52:14 localhost systemd[1]: Finished Daily apt upgrade and clean activities.
Apr 21 18:10:59 localhost systemd[1]: Starting Ubuntu Advantage Timer for running repeated jobs...
Apr 21 18:10:59 localhost systemd[1]: ua-timer.service: Deactivated successfully.
Apr 21 18:10:59 localhost systemd[1]: Finished Ubuntu Advantage Timer for running repeated jobs.
Apr 21 18:17:01 localhost CRON[2518]: (root) CMD (   cd / && run-parts --report /etc/cron.hourly)
Apr 21 18:36:28 localhost systemd[1]: Starting Message of the Day...
Apr 21 18:36:28 localhost systemd[1]: motd-news.service: Deactivated successfully.
Apr 21 18:36:28 localhost systemd[1]: Finished Message of the Day.
Apr 21 18:58:33 localhost systemd[1]: Reloading.
Apr 21 18:58:33 localhost systemd[1]: Configuration file /run/systemd/system/netplan-ovs-cleanup.service is marked world-inaccessible. This has no effect as configuration data is accessible via APIs without restrictions. Proceeding anyway.
Apr 21 18:58:34 localhost systemd[1]: Reloading.
Apr 21 18:58:34 localhost systemd[1]: Configuration file /run/systemd/system/netplan-ovs-cleanup.service is marked world-inaccessible. This has no effect as configuration data is accessible via APIs without restrictions. Proceeding anyway.
Apr 21 18:58:34 localhost systemd[1]: Started Crash log pusher.
Apr 21 18:58:34 localhost runner.sh[3392]: [2026-04-22T00:58:34Z] git user: LH
Apr 21 18:58:34 localhost runner.sh[3392]: [2026-04-22T00:58:34Z] origin remote: https://github.com/Linfeng-He/machine_log.git
