
===== temperature timestamp_utc=20260422T032428Z host=node0 boot_id=62503c1c-026f-4d12-960b-226160d86543 =====
timestamp_utc=20260422T032428Z

== cmmhi_rtm ==
cmmhi_rtm not configured or not found

== thermal zones ==
/sys/class/thermal/thermal_zone0: type=pch_haswell temp=65000
/sys/class/thermal/thermal_zone1: type=x86_pkg_temp temp=45000

== hwmon ==
/sys/class/hwmon/hwmon0/temp1_input: label=Composite value=44850
/sys/class/hwmon/hwmon0/temp2_input: label=Sensor 1 value=44850
/sys/class/hwmon/hwmon2/temp1_input: label=temp1_input value=65000
/sys/class/hwmon/hwmon3/temp1_input: label=Package id 0 value=45000
/sys/class/hwmon/hwmon3/temp2_input: label=Core 0 value=45000
/sys/class/hwmon/hwmon3/temp3_input: label=Core 1 value=45000
/sys/class/hwmon/hwmon3/temp4_input: label=Core 2 value=44000
/sys/class/hwmon/hwmon3/temp5_input: label=Core 3 value=44000
/sys/class/hwmon/hwmon3/temp6_input: label=Core 4 value=45000
/sys/class/hwmon/hwmon3/temp7_input: label=Core 5 value=44000
/sys/class/hwmon/hwmon3/temp8_input: label=Core 6 value=44000
/sys/class/hwmon/hwmon3/temp9_input: label=Core 7 value=44000

== sensors ==
sensors command not installed

===== temperature timestamp_utc=20260422T032429Z host=node0 boot_id=62503c1c-026f-4d12-960b-226160d86543 =====
timestamp_utc=20260422T032429Z

== cmmhi_rtm ==
cmmhi_rtm not configured or not found

== thermal zones ==
/sys/class/thermal/thermal_zone0: type=pch_haswell temp=66000
/sys/class/thermal/thermal_zone1: type=x86_pkg_temp temp=45000

== hwmon ==
/sys/class/hwmon/hwmon0/temp1_input: label=Composite value=44850
/sys/class/hwmon/hwmon0/temp2_input: label=Sensor 1 value=44850
/sys/class/hwmon/hwmon2/temp1_input: label=temp1_input value=66000
/sys/class/hwmon/hwmon3/temp1_input: label=Package id 0 value=45000
/sys/class/hwmon/hwmon3/temp2_input: label=Core 0 value=45000
/sys/class/hwmon/hwmon3/temp3_input: label=Core 1 value=45000
/sys/class/hwmon/hwmon3/temp4_input: label=Core 2 value=45000
/sys/class/hwmon/hwmon3/temp5_input: label=Core 3 value=45000
/sys/class/hwmon/hwmon3/temp6_input: label=Core 4 value=45000
/sys/class/hwmon/hwmon3/temp7_input: label=Core 5 value=45000
/sys/class/hwmon/hwmon3/temp8_input: label=Core 6 value=46000
/sys/class/hwmon/hwmon3/temp9_input: label=Core 7 value=45000

== sensors ==
sensors command not installed
